2018-06-23 23:41:18,524 耗时：0 [日志来自：web.context.ContextLoader                日志类型: INFO  日志内容：Root WebApplicationContext: initialization started]
2018-06-23 23:41:18,761 耗时：237 [日志来自：context.support.XmlWebApplicationContext 日志类型: INFO  日志内容：Refreshing Root WebApplicationContext: startup date [Sat Jun 23 23:41:18 CST 2018]; root of context hierarchy]
2018-06-23 23:41:18,807 耗时：283 [日志来自：factory.xml.XmlBeanDefinitionReader      日志类型: INFO  日志内容：Loading XML bean definitions from class path resource [applicationContext.xml]]
2018-06-23 23:41:19,080 耗时：556 [日志来自：factory.xml.XmlBeanDefinitionReader      日志类型: INFO  日志内容：Loading XML bean definitions from class path resource [spring-mybatis.xml]]
2018-06-23 23:41:19,321 耗时：797 [日志来自：ort.PropertySourcesPlaceholderConfigurer 日志类型: INFO  日志内容：Loading properties file from class path resource [sms.properties]]
2018-06-23 23:41:19,329 耗时：805 [日志来自：ory.config.PropertyPlaceholderConfigurer 日志类型: INFO  日志内容：Loading properties file from class path resource [jdbc.properties]]
2018-06-23 23:41:19,335 耗时：811 [日志来自：ion.AutowiredAnnotationBeanPostProcessor 日志类型: INFO  日志内容：JSR-330 'javax.inject.Inject' annotation found and supported for autowiring]
2018-06-23 23:41:21,552 耗时：3028 [日志来自：web.context.ContextLoader                日志类型: INFO  日志内容：Root WebApplicationContext: initialization completed in 3026 ms]
2018-06-23 23:41:21,616 耗时：3092 [日志来自：web.servlet.DispatcherServlet            日志类型: INFO  日志内容：FrameworkServlet 'springmvc': initialization started]
2018-06-23 23:41:21,618 耗时：3094 [日志来自：context.support.XmlWebApplicationContext 日志类型: INFO  日志内容：Refreshing WebApplicationContext for namespace 'springmvc-servlet': startup date [Sat Jun 23 23:41:21 CST 2018]; parent: Root WebApplicationContext]
2018-06-23 23:41:21,619 耗时：3095 [日志来自：factory.xml.XmlBeanDefinitionReader      日志类型: INFO  日志内容：Loading XML bean definitions from class path resource [springmvc.xml]]
2018-06-23 23:41:21,696 耗时：3172 [日志来自：ion.AutowiredAnnotationBeanPostProcessor 日志类型: INFO  日志内容：JSR-330 'javax.inject.Inject' annotation found and supported for autowiring]
2018-06-23 23:41:22,279 耗时：3755 [日志来自：notation.DefaultAnnotationHandlerMapping 日志类型: INFO  日志内容：Mapped URL path [/lessonStuApprove] onto handler 'lessonStuController']
2018-06-23 23:41:22,279 耗时：3755 [日志来自：notation.DefaultAnnotationHandlerMapping 日志类型: INFO  日志内容：Mapped URL path [/lessonStuApprove.*] onto handler 'lessonStuController']
2018-06-23 23:41:22,279 耗时：3755 [日志来自：notation.DefaultAnnotationHandlerMapping 日志类型: INFO  日志内容：Mapped URL path [/lessonStuApprove/] onto handler 'lessonStuController']
2018-06-23 23:41:22,280 耗时：3756 [日志来自：notation.DefaultAnnotationHandlerMapping 日志类型: INFO  日志内容：Mapped URL path [/getLessonStu] onto handler 'lessonStuController']
2018-06-23 23:41:22,280 耗时：3756 [日志来自：notation.DefaultAnnotationHandlerMapping 日志类型: INFO  日志内容：Mapped URL path [/getLessonStu.*] onto handler 'lessonStuController']
2018-06-23 23:41:22,280 耗时：3756 [日志来自：notation.DefaultAnnotationHandlerMapping 日志类型: INFO  日志内容：Mapped URL path [/getLessonStu/] onto handler 'lessonStuController']
2018-06-23 23:41:22,280 耗时：3756 [日志来自：notation.DefaultAnnotationHandlerMapping 日志类型: INFO  日志内容：Mapped URL path [/getDefPics] onto handler 'informController']
2018-06-23 23:41:22,280 耗时：3756 [日志来自：notation.DefaultAnnotationHandlerMapping 日志类型: INFO  日志内容：Mapped URL path [/getDefPics.*] onto handler 'informController']
2018-06-23 23:41:22,280 耗时：3756 [日志来自：notation.DefaultAnnotationHandlerMapping 日志类型: INFO  日志内容：Mapped URL path [/getDefPics/] onto handler 'informController']
2018-06-23 23:41:22,280 耗时：3756 [日志来自：notation.DefaultAnnotationHandlerMapping 日志类型: INFO  日志内容：Mapped URL path [/getInforms] onto handler 'informController']
2018-06-23 23:41:22,280 耗时：3756 [日志来自：notation.DefaultAnnotationHandlerMapping 日志类型: INFO  日志内容：Mapped URL path [/getInforms.*] onto handler 'informController']
2018-06-23 23:41:22,280 耗时：3756 [日志来自：notation.DefaultAnnotationHandlerMapping 日志类型: INFO  日志内容：Mapped URL path [/getInforms/] onto handler 'informController']
2018-06-23 23:41:22,280 耗时：3756 [日志来自：notation.DefaultAnnotationHandlerMapping 日志类型: INFO  日志内容：Mapped URL path [/addLessFile] onto handler 'lessonFileController']
2018-06-23 23:41:22,280 耗时：3756 [日志来自：notation.DefaultAnnotationHandlerMapping 日志类型: INFO  日志内容：Mapped URL path [/addLessFile.*] onto handler 'lessonFileController']
2018-06-23 23:41:22,280 耗时：3756 [日志来自：notation.DefaultAnnotationHandlerMapping 日志类型: INFO  日志内容：Mapped URL path [/addLessFile/] onto handler 'lessonFileController']
2018-06-23 23:41:22,280 耗时：3756 [日志来自：notation.DefaultAnnotationHandlerMapping 日志类型: INFO  日志内容：Mapped URL path [/getLessonFile] onto handler 'lessonFileController']
2018-06-23 23:41:22,281 耗时：3757 [日志来自：notation.DefaultAnnotationHandlerMapping 日志类型: INFO  日志内容：Mapped URL path [/getLessonFile.*] onto handler 'lessonFileController']
2018-06-23 23:41:22,281 耗时：3757 [日志来自：notation.DefaultAnnotationHandlerMapping 日志类型: INFO  日志内容：Mapped URL path [/getLessonFile/] onto handler 'lessonFileController']
2018-06-23 23:41:22,281 耗时：3757 [日志来自：notation.DefaultAnnotationHandlerMapping 日志类型: INFO  日志内容：Mapped URL path [/addLeave] onto handler 'leaveController']
2018-06-23 23:41:22,281 耗时：3757 [日志来自：notation.DefaultAnnotationHandlerMapping 日志类型: INFO  日志内容：Mapped URL path [/addLeave.*] onto handler 'leaveController']
2018-06-23 23:41:22,281 耗时：3757 [日志来自：notation.DefaultAnnotationHandlerMapping 日志类型: INFO  日志内容：Mapped URL path [/addLeave/] onto handler 'leaveController']
2018-06-23 23:41:22,281 耗时：3757 [日志来自：notation.DefaultAnnotationHandlerMapping 日志类型: INFO  日志内容：Mapped URL path [/updateLeave] onto handler 'leaveController']
2018-06-23 23:41:22,281 耗时：3757 [日志来自：notation.DefaultAnnotationHandlerMapping 日志类型: INFO  日志内容：Mapped URL path [/updateLeave.*] onto handler 'leaveController']
2018-06-23 23:41:22,281 耗时：3757 [日志来自：notation.DefaultAnnotationHandlerMapping 日志类型: INFO  日志内容：Mapped URL path [/updateLeave/] onto handler 'leaveController']
2018-06-23 23:41:22,281 耗时：3757 [日志来自：notation.DefaultAnnotationHandlerMapping 日志类型: INFO  日志内容：Mapped URL path [/getSchLeaves] onto handler 'leaveController']
2018-06-23 23:41:22,281 耗时：3757 [日志来自：notation.DefaultAnnotationHandlerMapping 日志类型: INFO  日志内容：Mapped URL path [/getSchLeaves.*] onto handler 'leaveController']
2018-06-23 23:41:22,281 耗时：3757 [日志来自：notation.DefaultAnnotationHandlerMapping 日志类型: INFO  日志内容：Mapped URL path [/getSchLeaves/] onto handler 'leaveController']
2018-06-23 23:41:22,281 耗时：3757 [日志来自：notation.DefaultAnnotationHandlerMapping 日志类型: INFO  日志内容：Mapped URL path [/getNotifications] onto handler 'notificationController']
2018-06-23 23:41:22,282 耗时：3758 [日志来自：notation.DefaultAnnotationHandlerMapping 日志类型: INFO  日志内容：Mapped URL path [/getNotifications.*] onto handler 'notificationController']
2018-06-23 23:41:22,282 耗时：3758 [日志来自：notation.DefaultAnnotationHandlerMapping 日志类型: INFO  日志内容：Mapped URL path [/getNotifications/] onto handler 'notificationController']
2018-06-23 23:41:22,282 耗时：3758 [日志来自：notation.DefaultAnnotationHandlerMapping 日志类型: INFO  日志内容：Mapped URL path [/deleteLesson] onto handler 'lessonManageController']
2018-06-23 23:41:22,282 耗时：3758 [日志来自：notation.DefaultAnnotationHandlerMapping 日志类型: INFO  日志内容：Mapped URL path [/deleteLesson.*] onto handler 'lessonManageController']
2018-06-23 23:41:22,282 耗时：3758 [日志来自：notation.DefaultAnnotationHandlerMapping 日志类型: INFO  日志内容：Mapped URL path [/deleteLesson/] onto handler 'lessonManageController']
2018-06-23 23:41:22,282 耗时：3758 [日志来自：notation.DefaultAnnotationHandlerMapping 日志类型: INFO  日志内容：Mapped URL path [/putLesson] onto handler 'lessonManageController']
2018-06-23 23:41:22,282 耗时：3758 [日志来自：notation.DefaultAnnotationHandlerMapping 日志类型: INFO  日志内容：Mapped URL path [/putLesson.*] onto handler 'lessonManageController']
2018-06-23 23:41:22,282 耗时：3758 [日志来自：notation.DefaultAnnotationHandlerMapping 日志类型: INFO  日志内容：Mapped URL path [/putLesson/] onto handler 'lessonManageController']
2018-06-23 23:41:22,282 耗时：3758 [日志来自：notation.DefaultAnnotationHandlerMapping 日志类型: INFO  日志内容：Mapped URL path [/searchLessons] onto handler 'lessonManageController']
2018-06-23 23:41:22,282 耗时：3758 [日志来自：notation.DefaultAnnotationHandlerMapping 日志类型: INFO  日志内容：Mapped URL path [/searchLessons.*] onto handler 'lessonManageController']
2018-06-23 23:41:22,282 耗时：3758 [日志来自：notation.DefaultAnnotationHandlerMapping 日志类型: INFO  日志内容：Mapped URL path [/searchLessons/] onto handler 'lessonManageController']
2018-06-23 23:41:22,282 耗时：3758 [日志来自：notation.DefaultAnnotationHandlerMapping 日志类型: INFO  日志内容：Mapped URL path [/getAreas] onto handler 'lessonManageController']
2018-06-23 23:41:22,283 耗时：3759 [日志来自：notation.DefaultAnnotationHandlerMapping 日志类型: INFO  日志内容：Mapped URL path [/getAreas.*] onto handler 'lessonManageController']
2018-06-23 23:41:22,283 耗时：3759 [日志来自：notation.DefaultAnnotationHandlerMapping 日志类型: INFO  日志内容：Mapped URL path [/getAreas/] onto handler 'lessonManageController']
2018-06-23 23:41:22,283 耗时：3759 [日志来自：notation.DefaultAnnotationHandlerMapping 日志类型: INFO  日志内容：Mapped URL path [/getIcons] onto handler 'lessonManageController']
2018-06-23 23:41:22,283 耗时：3759 [日志来自：notation.DefaultAnnotationHandlerMapping 日志类型: INFO  日志内容：Mapped URL path [/getIcons.*] onto handler 'lessonManageController']
2018-06-23 23:41:22,283 耗时：3759 [日志来自：notation.DefaultAnnotationHandlerMapping 日志类型: INFO  日志内容：Mapped URL path [/getIcons/] onto handler 'lessonManageController']
2018-06-23 23:41:22,283 耗时：3759 [日志来自：notation.DefaultAnnotationHandlerMapping 日志类型: INFO  日志内容：Mapped URL path [/getLessons] onto handler 'lessonManageController']
2018-06-23 23:41:22,283 耗时：3759 [日志来自：notation.DefaultAnnotationHandlerMapping 日志类型: INFO  日志内容：Mapped URL path [/getLessons.*] onto handler 'lessonManageController']
2018-06-23 23:41:22,283 耗时：3759 [日志来自：notation.DefaultAnnotationHandlerMapping 日志类型: INFO  日志内容：Mapped URL path [/getLessons/] onto handler 'lessonManageController']
2018-06-23 23:41:22,283 耗时：3759 [日志来自：notation.DefaultAnnotationHandlerMapping 日志类型: INFO  日志内容：Mapped URL path [/joinLesson] onto handler 'lessonManageController']
2018-06-23 23:41:22,283 耗时：3759 [日志来自：notation.DefaultAnnotationHandlerMapping 日志类型: INFO  日志内容：Mapped URL path [/joinLesson.*] onto handler 'lessonManageController']
2018-06-23 23:41:22,283 耗时：3759 [日志来自：notation.DefaultAnnotationHandlerMapping 日志类型: INFO  日志内容：Mapped URL path [/joinLesson/] onto handler 'lessonManageController']
2018-06-23 23:41:22,283 耗时：3759 [日志来自：notation.DefaultAnnotationHandlerMapping 日志类型: INFO  日志内容：Mapped URL path [/updateLessonStatus] onto handler 'lessonManageController']
2018-06-23 23:41:22,283 耗时：3759 [日志来自：notation.DefaultAnnotationHandlerMapping 日志类型: INFO  日志内容：Mapped URL path [/updateLessonStatus.*] onto handler 'lessonManageController']
2018-06-23 23:41:22,284 耗时：3760 [日志来自：notation.DefaultAnnotationHandlerMapping 日志类型: INFO  日志内容：Mapped URL path [/updateLessonStatus/] onto handler 'lessonManageController']
2018-06-23 23:41:22,284 耗时：3760 [日志来自：notation.DefaultAnnotationHandlerMapping 日志类型: INFO  日志内容：Mapped URL path [/loginByWeChatId] onto handler 'loginController']
2018-06-23 23:41:22,284 耗时：3760 [日志来自：notation.DefaultAnnotationHandlerMapping 日志类型: INFO  日志内容：Mapped URL path [/loginByWeChatId.*] onto handler 'loginController']
2018-06-23 23:41:22,284 耗时：3760 [日志来自：notation.DefaultAnnotationHandlerMapping 日志类型: INFO  日志内容：Mapped URL path [/loginByWeChatId/] onto handler 'loginController']
2018-06-23 23:41:22,284 耗时：3760 [日志来自：notation.DefaultAnnotationHandlerMapping 日志类型: INFO  日志内容：Mapped URL path [/logOut] onto handler 'loginController']
2018-06-23 23:41:22,284 耗时：3760 [日志来自：notation.DefaultAnnotationHandlerMapping 日志类型: INFO  日志内容：Mapped URL path [/logOut.*] onto handler 'loginController']
2018-06-23 23:41:22,284 耗时：3760 [日志来自：notation.DefaultAnnotationHandlerMapping 日志类型: INFO  日志内容：Mapped URL path [/logOut/] onto handler 'loginController']
2018-06-23 23:41:22,284 耗时：3760 [日志来自：notation.DefaultAnnotationHandlerMapping 日志类型: INFO  日志内容：Mapped URL path [/getSysConfigs] onto handler 'loginController']
2018-06-23 23:41:22,284 耗时：3760 [日志来自：notation.DefaultAnnotationHandlerMapping 日志类型: INFO  日志内容：Mapped URL path [/getSysConfigs.*] onto handler 'loginController']
2018-06-23 23:41:22,284 耗时：3760 [日志来自：notation.DefaultAnnotationHandlerMapping 日志类型: INFO  日志内容：Mapped URL path [/getSysConfigs/] onto handler 'loginController']
2018-06-23 23:41:22,284 耗时：3760 [日志来自：notation.DefaultAnnotationHandlerMapping 日志类型: INFO  日志内容：Mapped URL path [/login] onto handler 'loginController']
2018-06-23 23:41:22,284 耗时：3760 [日志来自：notation.DefaultAnnotationHandlerMapping 日志类型: INFO  日志内容：Mapped URL path [/login.*] onto handler 'loginController']
2018-06-23 23:41:22,284 耗时：3760 [日志来自：notation.DefaultAnnotationHandlerMapping 日志类型: INFO  日志内容：Mapped URL path [/login/] onto handler 'loginController']
2018-06-23 23:41:22,285 耗时：3761 [日志来自：notation.DefaultAnnotationHandlerMapping 日志类型: INFO  日志内容：Mapped URL path [/putSchedule] onto handler 'scheduleController']
2018-06-23 23:41:22,285 耗时：3761 [日志来自：notation.DefaultAnnotationHandlerMapping 日志类型: INFO  日志内容：Mapped URL path [/putSchedule.*] onto handler 'scheduleController']
2018-06-23 23:41:22,285 耗时：3761 [日志来自：notation.DefaultAnnotationHandlerMapping 日志类型: INFO  日志内容：Mapped URL path [/putSchedule/] onto handler 'scheduleController']
2018-06-23 23:41:22,285 耗时：3761 [日志来自：notation.DefaultAnnotationHandlerMapping 日志类型: INFO  日志内容：Mapped URL path [/deleteSchedule] onto handler 'scheduleController']
2018-06-23 23:41:22,285 耗时：3761 [日志来自：notation.DefaultAnnotationHandlerMapping 日志类型: INFO  日志内容：Mapped URL path [/deleteSchedule.*] onto handler 'scheduleController']
2018-06-23 23:41:22,285 耗时：3761 [日志来自：notation.DefaultAnnotationHandlerMapping 日志类型: INFO  日志内容：Mapped URL path [/deleteSchedule/] onto handler 'scheduleController']
2018-06-23 23:41:22,285 耗时：3761 [日志来自：notation.DefaultAnnotationHandlerMapping 日志类型: INFO  日志内容：Mapped URL path [/hasSchModRole] onto handler 'scheduleController']
2018-06-23 23:41:22,285 耗时：3761 [日志来自：notation.DefaultAnnotationHandlerMapping 日志类型: INFO  日志内容：Mapped URL path [/hasSchModRole.*] onto handler 'scheduleController']
2018-06-23 23:41:22,285 耗时：3761 [日志来自：notation.DefaultAnnotationHandlerMapping 日志类型: INFO  日志内容：Mapped URL path [/hasSchModRole/] onto handler 'scheduleController']
2018-06-23 23:41:22,285 耗时：3761 [日志来自：notation.DefaultAnnotationHandlerMapping 日志类型: INFO  日志内容：Mapped URL path [/getSchedule] onto handler 'scheduleController']
2018-06-23 23:41:22,285 耗时：3761 [日志来自：notation.DefaultAnnotationHandlerMapping 日志类型: INFO  日志内容：Mapped URL path [/getSchedule.*] onto handler 'scheduleController']
2018-06-23 23:41:22,285 耗时：3761 [日志来自：notation.DefaultAnnotationHandlerMapping 日志类型: INFO  日志内容：Mapped URL path [/getSchedule/] onto handler 'scheduleController']
2018-06-23 23:41:22,285 耗时：3761 [日志来自：notation.DefaultAnnotationHandlerMapping 日志类型: INFO  日志内容：Mapped URL path [/getSingleScheduleByScheduleId] onto handler 'scheduleController']
2018-06-23 23:41:22,285 耗时：3761 [日志来自：notation.DefaultAnnotationHandlerMapping 日志类型: INFO  日志内容：Mapped URL path [/getSingleScheduleByScheduleId.*] onto handler 'scheduleController']
2018-06-23 23:41:22,286 耗时：3762 [日志来自：notation.DefaultAnnotationHandlerMapping 日志类型: INFO  日志内容：Mapped URL path [/getSingleScheduleByScheduleId/] onto handler 'scheduleController']
2018-06-23 23:41:22,286 耗时：3762 [日志来自：notation.DefaultAnnotationHandlerMapping 日志类型: INFO  日志内容：Mapped URL path [/addSch] onto handler 'scheduleController']
2018-06-23 23:41:22,286 耗时：3762 [日志来自：notation.DefaultAnnotationHandlerMapping 日志类型: INFO  日志内容：Mapped URL path [/addSch.*] onto handler 'scheduleController']
2018-06-23 23:41:22,286 耗时：3762 [日志来自：notation.DefaultAnnotationHandlerMapping 日志类型: INFO  日志内容：Mapped URL path [/addSch/] onto handler 'scheduleController']
2018-06-23 23:41:22,286 耗时：3762 [日志来自：notation.DefaultAnnotationHandlerMapping 日志类型: INFO  日志内容：Mapped URL path [/updateSchedule] onto handler 'scheduleController']
2018-06-23 23:41:22,286 耗时：3762 [日志来自：notation.DefaultAnnotationHandlerMapping 日志类型: INFO  日志内容：Mapped URL path [/updateSchedule.*] onto handler 'scheduleController']
2018-06-23 23:41:22,286 耗时：3762 [日志来自：notation.DefaultAnnotationHandlerMapping 日志类型: INFO  日志内容：Mapped URL path [/updateSchedule/] onto handler 'scheduleController']
2018-06-23 23:41:22,286 耗时：3762 [日志来自：notation.DefaultAnnotationHandlerMapping 日志类型: INFO  日志内容：Mapped URL path [/getSchedules] onto handler 'scheduleController']
2018-06-23 23:41:22,286 耗时：3762 [日志来自：notation.DefaultAnnotationHandlerMapping 日志类型: INFO  日志内容：Mapped URL path [/getSchedules.*] onto handler 'scheduleController']
2018-06-23 23:41:22,286 耗时：3762 [日志来自：notation.DefaultAnnotationHandlerMapping 日志类型: INFO  日志内容：Mapped URL path [/getSchedules/] onto handler 'scheduleController']
2018-06-23 23:41:22,286 耗时：3762 [日志来自：notation.DefaultAnnotationHandlerMapping 日志类型: INFO  日志内容：Mapped URL path [/lessonStuSign] onto handler 'signController']
2018-06-23 23:41:22,286 耗时：3762 [日志来自：notation.DefaultAnnotationHandlerMapping 日志类型: INFO  日志内容：Mapped URL path [/lessonStuSign.*] onto handler 'signController']
2018-06-23 23:41:22,287 耗时：3763 [日志来自：notation.DefaultAnnotationHandlerMapping 日志类型: INFO  日志内容：Mapped URL path [/lessonStuSign/] onto handler 'signController']
2018-06-23 23:41:22,287 耗时：3763 [日志来自：notation.DefaultAnnotationHandlerMapping 日志类型: INFO  日志内容：Mapped URL path [/exportLessSignInfo] onto handler 'signController']
2018-06-23 23:41:22,287 耗时：3763 [日志来自：notation.DefaultAnnotationHandlerMapping 日志类型: INFO  日志内容：Mapped URL path [/exportLessSignInfo.*] onto handler 'signController']
2018-06-23 23:41:22,287 耗时：3763 [日志来自：notation.DefaultAnnotationHandlerMapping 日志类型: INFO  日志内容：Mapped URL path [/exportLessSignInfo/] onto handler 'signController']
2018-06-23 23:41:22,287 耗时：3763 [日志来自：notation.DefaultAnnotationHandlerMapping 日志类型: INFO  日志内容：Mapped URL path [/getSignListBySchId] onto handler 'signController']
2018-06-23 23:41:22,287 耗时：3763 [日志来自：notation.DefaultAnnotationHandlerMapping 日志类型: INFO  日志内容：Mapped URL path [/getSignListBySchId.*] onto handler 'signController']
2018-06-23 23:41:22,287 耗时：3763 [日志来自：notation.DefaultAnnotationHandlerMapping 日志类型: INFO  日志内容：Mapped URL path [/getSignListBySchId/] onto handler 'signController']
2018-06-23 23:41:22,287 耗时：3763 [日志来自：notation.DefaultAnnotationHandlerMapping 日志类型: INFO  日志内容：Mapped URL path [/getComments] onto handler 'TCommentController']
2018-06-23 23:41:22,287 耗时：3763 [日志来自：notation.DefaultAnnotationHandlerMapping 日志类型: INFO  日志内容：Mapped URL path [/getComments.*] onto handler 'TCommentController']
2018-06-23 23:41:22,287 耗时：3763 [日志来自：notation.DefaultAnnotationHandlerMapping 日志类型: INFO  日志内容：Mapped URL path [/getComments/] onto handler 'TCommentController']
2018-06-23 23:41:22,287 耗时：3763 [日志来自：notation.DefaultAnnotationHandlerMapping 日志类型: INFO  日志内容：Mapped URL path [/comment] onto handler 'TCommentController']
2018-06-23 23:41:22,287 耗时：3763 [日志来自：notation.DefaultAnnotationHandlerMapping 日志类型: INFO  日志内容：Mapped URL path [/comment.*] onto handler 'TCommentController']
2018-06-23 23:41:22,288 耗时：3764 [日志来自：notation.DefaultAnnotationHandlerMapping 日志类型: INFO  日志内容：Mapped URL path [/comment/] onto handler 'TCommentController']
2018-06-23 23:41:22,288 耗时：3764 [日志来自：notation.DefaultAnnotationHandlerMapping 日志类型: INFO  日志内容：Mapped URL path [/getCommTypes] onto handler 'TCommentController']
2018-06-23 23:41:22,288 耗时：3764 [日志来自：notation.DefaultAnnotationHandlerMapping 日志类型: INFO  日志内容：Mapped URL path [/getCommTypes.*] onto handler 'TCommentController']
2018-06-23 23:41:22,288 耗时：3764 [日志来自：notation.DefaultAnnotationHandlerMapping 日志类型: INFO  日志内容：Mapped URL path [/getCommTypes/] onto handler 'TCommentController']
2018-06-23 23:41:22,288 耗时：3764 [日志来自：notation.DefaultAnnotationHandlerMapping 日志类型: INFO  日志内容：Mapped URL path [/getCommTempGroup] onto handler 'TCommentController']
2018-06-23 23:41:22,288 耗时：3764 [日志来自：notation.DefaultAnnotationHandlerMapping 日志类型: INFO  日志内容：Mapped URL path [/getCommTempGroup.*] onto handler 'TCommentController']
2018-06-23 23:41:22,288 耗时：3764 [日志来自：notation.DefaultAnnotationHandlerMapping 日志类型: INFO  日志内容：Mapped URL path [/getCommTempGroup/] onto handler 'TCommentController']
2018-06-23 23:41:22,288 耗时：3764 [日志来自：notation.DefaultAnnotationHandlerMapping 日志类型: INFO  日志内容：Mapped URL path [/getCommTemps] onto handler 'TCommentController']
2018-06-23 23:41:22,288 耗时：3764 [日志来自：notation.DefaultAnnotationHandlerMapping 日志类型: INFO  日志内容：Mapped URL path [/getCommTemps.*] onto handler 'TCommentController']
2018-06-23 23:41:22,288 耗时：3764 [日志来自：notation.DefaultAnnotationHandlerMapping 日志类型: INFO  日志内容：Mapped URL path [/getCommTemps/] onto handler 'TCommentController']
2018-06-23 23:41:22,288 耗时：3764 [日志来自：notation.DefaultAnnotationHandlerMapping 日志类型: INFO  日志内容：Mapped URL path [/importCommTemplates] onto handler 'TCommentController']
2018-06-23 23:41:22,288 耗时：3764 [日志来自：notation.DefaultAnnotationHandlerMapping 日志类型: INFO  日志内容：Mapped URL path [/importCommTemplates.*] onto handler 'TCommentController']
2018-06-23 23:41:22,289 耗时：3765 [日志来自：notation.DefaultAnnotationHandlerMapping 日志类型: INFO  日志内容：Mapped URL path [/importCommTemplates/] onto handler 'TCommentController']
2018-06-23 23:41:22,289 耗时：3765 [日志来自：notation.DefaultAnnotationHandlerMapping 日志类型: INFO  日志内容：Mapped URL path [/getCommTemp] onto handler 'TCommentController']
2018-06-23 23:41:22,289 耗时：3765 [日志来自：notation.DefaultAnnotationHandlerMapping 日志类型: INFO  日志内容：Mapped URL path [/getCommTemp.*] onto handler 'TCommentController']
2018-06-23 23:41:22,289 耗时：3765 [日志来自：notation.DefaultAnnotationHandlerMapping 日志类型: INFO  日志内容：Mapped URL path [/getCommTemp/] onto handler 'TCommentController']
2018-06-23 23:41:22,289 耗时：3765 [日志来自：notation.DefaultAnnotationHandlerMapping 日志类型: INFO  日志内容：Mapped URL path [/download] onto handler 'fileUploadController']
2018-06-23 23:41:22,289 耗时：3765 [日志来自：notation.DefaultAnnotationHandlerMapping 日志类型: INFO  日志内容：Mapped URL path [/download.*] onto handler 'fileUploadController']
2018-06-23 23:41:22,289 耗时：3765 [日志来自：notation.DefaultAnnotationHandlerMapping 日志类型: INFO  日志内容：Mapped URL path [/download/] onto handler 'fileUploadController']
2018-06-23 23:41:22,289 耗时：3765 [日志来自：notation.DefaultAnnotationHandlerMapping 日志类型: INFO  日志内容：Mapped URL path [/upload] onto handler 'fileUploadController']
2018-06-23 23:41:22,289 耗时：3765 [日志来自：notation.DefaultAnnotationHandlerMapping 日志类型: INFO  日志内容：Mapped URL path [/upload.*] onto handler 'fileUploadController']
2018-06-23 23:41:22,289 耗时：3765 [日志来自：notation.DefaultAnnotationHandlerMapping 日志类型: INFO  日志内容：Mapped URL path [/upload/] onto handler 'fileUploadController']
2018-06-23 23:41:22,289 耗时：3765 [日志来自：notation.DefaultAnnotationHandlerMapping 日志类型: INFO  日志内容：Mapped URL path [/upload2] onto handler 'fileUploadController']
2018-06-23 23:41:22,289 耗时：3765 [日志来自：notation.DefaultAnnotationHandlerMapping 日志类型: INFO  日志内容：Mapped URL path [/upload2.*] onto handler 'fileUploadController']
2018-06-23 23:41:22,290 耗时：3766 [日志来自：notation.DefaultAnnotationHandlerMapping 日志类型: INFO  日志内容：Mapped URL path [/upload2/] onto handler 'fileUploadController']
2018-06-23 23:41:22,290 耗时：3766 [日志来自：notation.DefaultAnnotationHandlerMapping 日志类型: INFO  日志内容：Mapped URL path [/updateLesson] onto handler 'lessonController']
2018-06-23 23:41:22,290 耗时：3766 [日志来自：notation.DefaultAnnotationHandlerMapping 日志类型: INFO  日志内容：Mapped URL path [/updateLesson.*] onto handler 'lessonController']
2018-06-23 23:41:22,290 耗时：3766 [日志来自：notation.DefaultAnnotationHandlerMapping 日志类型: INFO  日志内容：Mapped URL path [/updateLesson/] onto handler 'lessonController']
2018-06-23 23:41:22,290 耗时：3766 [日志来自：notation.DefaultAnnotationHandlerMapping 日志类型: INFO  日志内容：Mapped URL path [/addLesson] onto handler 'lessonController']
2018-06-23 23:41:22,290 耗时：3766 [日志来自：notation.DefaultAnnotationHandlerMapping 日志类型: INFO  日志内容：Mapped URL path [/addLesson.*] onto handler 'lessonController']
2018-06-23 23:41:22,290 耗时：3766 [日志来自：notation.DefaultAnnotationHandlerMapping 日志类型: INFO  日志内容：Mapped URL path [/addLesson/] onto handler 'lessonController']
2018-06-23 23:41:22,290 耗时：3766 [日志来自：notation.DefaultAnnotationHandlerMapping 日志类型: INFO  日志内容：Mapped URL path [/getLessonById] onto handler 'lessonController']
2018-06-23 23:41:22,290 耗时：3766 [日志来自：notation.DefaultAnnotationHandlerMapping 日志类型: INFO  日志内容：Mapped URL path [/getLessonById.*] onto handler 'lessonController']
2018-06-23 23:41:22,290 耗时：3766 [日志来自：notation.DefaultAnnotationHandlerMapping 日志类型: INFO  日志内容：Mapped URL path [/getLessonById/] onto handler 'lessonController']
2018-06-23 23:41:22,290 耗时：3766 [日志来自：notation.DefaultAnnotationHandlerMapping 日志类型: INFO  日志内容：Mapped URL path [/updateLessStatus] onto handler 'lessonController']
2018-06-23 23:41:22,290 耗时：3766 [日志来自：notation.DefaultAnnotationHandlerMapping 日志类型: INFO  日志内容：Mapped URL path [/updateLessStatus.*] onto handler 'lessonController']
2018-06-23 23:41:22,290 耗时：3766 [日志来自：notation.DefaultAnnotationHandlerMapping 日志类型: INFO  日志内容：Mapped URL path [/updateLessStatus/] onto handler 'lessonController']
2018-06-23 23:41:22,290 耗时：3766 [日志来自：notation.DefaultAnnotationHandlerMapping 日志类型: INFO  日志内容：Mapped URL path [/getAllLessons] onto handler 'lessonController']
2018-06-23 23:41:22,291 耗时：3767 [日志来自：notation.DefaultAnnotationHandlerMapping 日志类型: INFO  日志内容：Mapped URL path [/getAllLessons.*] onto handler 'lessonController']
2018-06-23 23:41:22,291 耗时：3767 [日志来自：notation.DefaultAnnotationHandlerMapping 日志类型: INFO  日志内容：Mapped URL path [/getAllLessons/] onto handler 'lessonController']
2018-06-23 23:41:22,291 耗时：3767 [日志来自：notation.DefaultAnnotationHandlerMapping 日志类型: INFO  日志内容：Mapped URL path [/getLessons1] onto handler 'lessonController']
2018-06-23 23:41:22,291 耗时：3767 [日志来自：notation.DefaultAnnotationHandlerMapping 日志类型: INFO  日志内容：Mapped URL path [/getLessons1.*] onto handler 'lessonController']
2018-06-23 23:41:22,291 耗时：3767 [日志来自：notation.DefaultAnnotationHandlerMapping 日志类型: INFO  日志内容：Mapped URL path [/getLessons1/] onto handler 'lessonController']
2018-06-23 23:41:22,291 耗时：3767 [日志来自：notation.DefaultAnnotationHandlerMapping 日志类型: INFO  日志内容：Mapped URL path [/joinLesson1] onto handler 'lessonController']
2018-06-23 23:41:22,291 耗时：3767 [日志来自：notation.DefaultAnnotationHandlerMapping 日志类型: INFO  日志内容：Mapped URL path [/joinLesson1.*] onto handler 'lessonController']
2018-06-23 23:41:22,291 耗时：3767 [日志来自：notation.DefaultAnnotationHandlerMapping 日志类型: INFO  日志内容：Mapped URL path [/joinLesson1/] onto handler 'lessonController']
2018-06-23 23:41:22,291 耗时：3767 [日志来自：notation.DefaultAnnotationHandlerMapping 日志类型: INFO  日志内容：Mapped URL path [/userRegist] onto handler 'userController']
2018-06-23 23:41:22,291 耗时：3767 [日志来自：notation.DefaultAnnotationHandlerMapping 日志类型: INFO  日志内容：Mapped URL path [/userRegist.*] onto handler 'userController']
2018-06-23 23:41:22,291 耗时：3767 [日志来自：notation.DefaultAnnotationHandlerMapping 日志类型: INFO  日志内容：Mapped URL path [/userRegist/] onto handler 'userController']
2018-06-23 23:41:22,292 耗时：3768 [日志来自：notation.DefaultAnnotationHandlerMapping 日志类型: INFO  日志内容：Mapped URL path [/importUsers] onto handler 'userController']
2018-06-23 23:41:22,292 耗时：3768 [日志来自：notation.DefaultAnnotationHandlerMapping 日志类型: INFO  日志内容：Mapped URL path [/importUsers.*] onto handler 'userController']
2018-06-23 23:41:22,292 耗时：3768 [日志来自：notation.DefaultAnnotationHandlerMapping 日志类型: INFO  日志内容：Mapped URL path [/importUsers/] onto handler 'userController']
2018-06-23 23:41:22,292 耗时：3768 [日志来自：notation.DefaultAnnotationHandlerMapping 日志类型: INFO  日志内容：Mapped URL path [/addUser] onto handler 'userController']
2018-06-23 23:41:22,292 耗时：3768 [日志来自：notation.DefaultAnnotationHandlerMapping 日志类型: INFO  日志内容：Mapped URL path [/addUser.*] onto handler 'userController']
2018-06-23 23:41:22,292 耗时：3768 [日志来自：notation.DefaultAnnotationHandlerMapping 日志类型: INFO  日志内容：Mapped URL path [/addUser/] onto handler 'userController']
2018-06-23 23:41:22,292 耗时：3768 [日志来自：notation.DefaultAnnotationHandlerMapping 日志类型: INFO  日志内容：Mapped URL path [/getUserList] onto handler 'userController']
2018-06-23 23:41:22,292 耗时：3768 [日志来自：notation.DefaultAnnotationHandlerMapping 日志类型: INFO  日志内容：Mapped URL path [/getUserList.*] onto handler 'userController']
2018-06-23 23:41:22,292 耗时：3768 [日志来自：notation.DefaultAnnotationHandlerMapping 日志类型: INFO  日志内容：Mapped URL path [/getUserList/] onto handler 'userController']
2018-06-23 23:41:22,292 耗时：3768 [日志来自：notation.DefaultAnnotationHandlerMapping 日志类型: INFO  日志内容：Mapped URL path [/updateUserStatus] onto handler 'userController']
2018-06-23 23:41:22,292 耗时：3768 [日志来自：notation.DefaultAnnotationHandlerMapping 日志类型: INFO  日志内容：Mapped URL path [/updateUserStatus.*] onto handler 'userController']
2018-06-23 23:41:22,292 耗时：3768 [日志来自：notation.DefaultAnnotationHandlerMapping 日志类型: INFO  日志内容：Mapped URL path [/updateUserStatus/] onto handler 'userController']
2018-06-23 23:41:22,292 耗时：3768 [日志来自：notation.DefaultAnnotationHandlerMapping 日志类型: INFO  日志内容：Mapped URL path [/updateMyUserInfo] onto handler 'userController']
2018-06-23 23:41:22,292 耗时：3768 [日志来自：notation.DefaultAnnotationHandlerMapping 日志类型: INFO  日志内容：Mapped URL path [/updateMyUserInfo.*] onto handler 'userController']
2018-06-23 23:41:22,292 耗时：3768 [日志来自：notation.DefaultAnnotationHandlerMapping 日志类型: INFO  日志内容：Mapped URL path [/updateMyUserInfo/] onto handler 'userController']
2018-06-23 23:41:22,292 耗时：3768 [日志来自：notation.DefaultAnnotationHandlerMapping 日志类型: INFO  日志内容：Mapped URL path [/updateMyPassword] onto handler 'userController']
2018-06-23 23:41:22,292 耗时：3768 [日志来自：notation.DefaultAnnotationHandlerMapping 日志类型: INFO  日志内容：Mapped URL path [/updateMyPassword.*] onto handler 'userController']
2018-06-23 23:41:22,292 耗时：3768 [日志来自：notation.DefaultAnnotationHandlerMapping 日志类型: INFO  日志内容：Mapped URL path [/updateMyPassword/] onto handler 'userController']
2018-06-23 23:41:22,292 耗时：3768 [日志来自：notation.DefaultAnnotationHandlerMapping 日志类型: INFO  日志内容：Mapped URL path [/getMyUserInfo] onto handler 'userController']
2018-06-23 23:41:22,292 耗时：3768 [日志来自：notation.DefaultAnnotationHandlerMapping 日志类型: INFO  日志内容：Mapped URL path [/getMyUserInfo.*] onto handler 'userController']
2018-06-23 23:41:22,292 耗时：3768 [日志来自：notation.DefaultAnnotationHandlerMapping 日志类型: INFO  日志内容：Mapped URL path [/getMyUserInfo/] onto handler 'userController']
2018-06-23 23:41:22,292 耗时：3768 [日志来自：notation.DefaultAnnotationHandlerMapping 日志类型: INFO  日志内容：Mapped URL path [/updateUserInfo] onto handler 'userController']
2018-06-23 23:41:22,293 耗时：3769 [日志来自：notation.DefaultAnnotationHandlerMapping 日志类型: INFO  日志内容：Mapped URL path [/updateUserInfo.*] onto handler 'userController']
2018-06-23 23:41:22,293 耗时：3769 [日志来自：notation.DefaultAnnotationHandlerMapping 日志类型: INFO  日志内容：Mapped URL path [/updateUserInfo/] onto handler 'userController']
2018-06-23 23:41:22,293 耗时：3769 [日志来自：notation.DefaultAnnotationHandlerMapping 日志类型: INFO  日志内容：Mapped URL path [/getCompanyList] onto handler 'userController']
2018-06-23 23:41:22,293 耗时：3769 [日志来自：notation.DefaultAnnotationHandlerMapping 日志类型: INFO  日志内容：Mapped URL path [/getCompanyList.*] onto handler 'userController']
2018-06-23 23:41:22,293 耗时：3769 [日志来自：notation.DefaultAnnotationHandlerMapping 日志类型: INFO  日志内容：Mapped URL path [/getCompanyList/] onto handler 'userController']
2018-06-23 23:41:22,293 耗时：3769 [日志来自：notation.DefaultAnnotationHandlerMapping 日志类型: INFO  日志内容：Mapped URL path [/getUserListByRole] onto handler 'userController']
2018-06-23 23:41:22,293 耗时：3769 [日志来自：notation.DefaultAnnotationHandlerMapping 日志类型: INFO  日志内容：Mapped URL path [/getUserListByRole.*] onto handler 'userController']
2018-06-23 23:41:22,293 耗时：3769 [日志来自：notation.DefaultAnnotationHandlerMapping 日志类型: INFO  日志内容：Mapped URL path [/getUserListByRole/] onto handler 'userController']
2018-06-23 23:41:22,293 耗时：3769 [日志来自：notation.DefaultAnnotationHandlerMapping 日志类型: INFO  日志内容：Mapped URL path [/getUserById] onto handler 'userController']
2018-06-23 23:41:22,293 耗时：3769 [日志来自：notation.DefaultAnnotationHandlerMapping 日志类型: INFO  日志内容：Mapped URL path [/getUserById.*] onto handler 'userController']
2018-06-23 23:41:22,293 耗时：3769 [日志来自：notation.DefaultAnnotationHandlerMapping 日志类型: INFO  日志内容：Mapped URL path [/getUserById/] onto handler 'userController']
2018-06-23 23:41:22,329 耗时：3805 [日志来自：web.servlet.DispatcherServlet            日志类型: INFO  日志内容：FrameworkServlet 'springmvc': initialization completed in 713 ms]
2018-06-23 23:45:05,181 耗时：226657 [日志来自：web.servlet.PageNotFound                 日志类型: WARN  日志内容：No mapping found for HTTP request with URI [/test/getLesson1.do] in DispatcherServlet with name 'springmvc']
2018-06-23 23:45:27,186 耗时：248662 [日志来自：web.servlet.PageNotFound                 日志类型: WARN  日志内容：No mapping found for HTTP request with URI [/test/getLesson1.do] in DispatcherServlet with name 'springmvc']
2018-06-23 23:46:19,680 耗时：301156 [日志来自：web.servlet.PageNotFound                 日志类型: WARN  日志内容：No mapping found for HTTP request with URI [/test/getLesson1.do] in DispatcherServlet with name 'springmvc']
2018-06-23 23:54:58,638 耗时：820114 [日志来自：web.task.SmsScheduleTask                 日志类型: INFO  日志内容：为两个小时后开始的课程发送通知]
2018-06-23 23:55:49,654 耗时：871130 [日志来自：web.servlet.PageNotFound                 日志类型: WARN  日志内容：No mapping found for HTTP request with URI [/test/getLesson1.do] in DispatcherServlet with name 'springmvc']
