2018-06-18 13:41:27,554 耗时：0 [日志来自：web.context.ContextLoader                日志类型: INFO  日志内容：Root WebApplicationContext: initialization started]
2018-06-18 13:41:27,708 耗时：154 [日志来自：context.support.XmlWebApplicationContext 日志类型: INFO  日志内容：Refreshing Root WebApplicationContext: startup date [Mon Jun 18 13:41:27 CST 2018]; root of context hierarchy]
2018-06-18 13:41:27,774 耗时：220 [日志来自：factory.xml.XmlBeanDefinitionReader      日志类型: INFO  日志内容：Loading XML bean definitions from class path resource [applicationContext.xml]]
2018-06-18 13:41:28,063 耗时：509 [日志来自：factory.xml.XmlBeanDefinitionReader      日志类型: INFO  日志内容：Loading XML bean definitions from class path resource [spring-mybatis.xml]]
2018-06-18 13:41:28,285 耗时：731 [日志来自：ory.config.PropertyPlaceholderConfigurer 日志类型: INFO  日志内容：Loading properties file from class path resource [jdbc.properties]]
2018-06-18 13:41:28,296 耗时：742 [日志来自：ion.AutowiredAnnotationBeanPostProcessor 日志类型: INFO  日志内容：JSR-330 'javax.inject.Inject' annotation found and supported for autowiring]
2018-06-18 13:41:29,858 耗时：2304 [日志来自：web.context.ContextLoader                日志类型: INFO  日志内容：Root WebApplicationContext: initialization completed in 2303 ms]
2018-06-18 13:41:29,923 耗时：2369 [日志来自：web.servlet.DispatcherServlet            日志类型: INFO  日志内容：FrameworkServlet 'springmvc': initialization started]
2018-06-18 13:41:29,926 耗时：2372 [日志来自：context.support.XmlWebApplicationContext 日志类型: INFO  日志内容：Refreshing WebApplicationContext for namespace 'springmvc-servlet': startup date [Mon Jun 18 13:41:29 CST 2018]; parent: Root WebApplicationContext]
2018-06-18 13:41:29,926 耗时：2372 [日志来自：factory.xml.XmlBeanDefinitionReader      日志类型: INFO  日志内容：Loading XML bean definitions from class path resource [springmvc.xml]]
2018-06-18 13:41:29,982 耗时：2428 [日志来自：ion.AutowiredAnnotationBeanPostProcessor 日志类型: INFO  日志内容：JSR-330 'javax.inject.Inject' annotation found and supported for autowiring]
2018-06-18 13:41:30,508 耗时：2954 [日志来自：notation.DefaultAnnotationHandlerMapping 日志类型: INFO  日志内容：Mapped URL path [/lessonStuApprove] onto handler 'lessonStuController']
2018-06-18 13:41:30,509 耗时：2955 [日志来自：notation.DefaultAnnotationHandlerMapping 日志类型: INFO  日志内容：Mapped URL path [/lessonStuApprove.*] onto handler 'lessonStuController']
2018-06-18 13:41:30,509 耗时：2955 [日志来自：notation.DefaultAnnotationHandlerMapping 日志类型: INFO  日志内容：Mapped URL path [/lessonStuApprove/] onto handler 'lessonStuController']
2018-06-18 13:41:30,509 耗时：2955 [日志来自：notation.DefaultAnnotationHandlerMapping 日志类型: INFO  日志内容：Mapped URL path [/getLessonStu] onto handler 'lessonStuController']
2018-06-18 13:41:30,509 耗时：2955 [日志来自：notation.DefaultAnnotationHandlerMapping 日志类型: INFO  日志内容：Mapped URL path [/getLessonStu.*] onto handler 'lessonStuController']
2018-06-18 13:41:30,509 耗时：2955 [日志来自：notation.DefaultAnnotationHandlerMapping 日志类型: INFO  日志内容：Mapped URL path [/getLessonStu/] onto handler 'lessonStuController']
2018-06-18 13:41:30,509 耗时：2955 [日志来自：notation.DefaultAnnotationHandlerMapping 日志类型: INFO  日志内容：Mapped URL path [/getInforms] onto handler 'informController']
2018-06-18 13:41:30,509 耗时：2955 [日志来自：notation.DefaultAnnotationHandlerMapping 日志类型: INFO  日志内容：Mapped URL path [/getInforms.*] onto handler 'informController']
2018-06-18 13:41:30,509 耗时：2955 [日志来自：notation.DefaultAnnotationHandlerMapping 日志类型: INFO  日志内容：Mapped URL path [/getInforms/] onto handler 'informController']
2018-06-18 13:41:30,509 耗时：2955 [日志来自：notation.DefaultAnnotationHandlerMapping 日志类型: INFO  日志内容：Mapped URL path [/getDefPics] onto handler 'informController']
2018-06-18 13:41:30,509 耗时：2955 [日志来自：notation.DefaultAnnotationHandlerMapping 日志类型: INFO  日志内容：Mapped URL path [/getDefPics.*] onto handler 'informController']
2018-06-18 13:41:30,509 耗时：2955 [日志来自：notation.DefaultAnnotationHandlerMapping 日志类型: INFO  日志内容：Mapped URL path [/getDefPics/] onto handler 'informController']
2018-06-18 13:41:30,509 耗时：2955 [日志来自：notation.DefaultAnnotationHandlerMapping 日志类型: INFO  日志内容：Mapped URL path [/getLessonFile] onto handler 'lessonFileController']
2018-06-18 13:41:30,509 耗时：2955 [日志来自：notation.DefaultAnnotationHandlerMapping 日志类型: INFO  日志内容：Mapped URL path [/getLessonFile.*] onto handler 'lessonFileController']
2018-06-18 13:41:30,509 耗时：2955 [日志来自：notation.DefaultAnnotationHandlerMapping 日志类型: INFO  日志内容：Mapped URL path [/getLessonFile/] onto handler 'lessonFileController']
2018-06-18 13:41:30,509 耗时：2955 [日志来自：notation.DefaultAnnotationHandlerMapping 日志类型: INFO  日志内容：Mapped URL path [/addLessFile] onto handler 'lessonFileController']
2018-06-18 13:41:30,509 耗时：2955 [日志来自：notation.DefaultAnnotationHandlerMapping 日志类型: INFO  日志内容：Mapped URL path [/addLessFile.*] onto handler 'lessonFileController']
2018-06-18 13:41:30,509 耗时：2955 [日志来自：notation.DefaultAnnotationHandlerMapping 日志类型: INFO  日志内容：Mapped URL path [/addLessFile/] onto handler 'lessonFileController']
2018-06-18 13:41:30,510 耗时：2956 [日志来自：notation.DefaultAnnotationHandlerMapping 日志类型: INFO  日志内容：Mapped URL path [/addLeave] onto handler 'leaveController']
2018-06-18 13:41:30,510 耗时：2956 [日志来自：notation.DefaultAnnotationHandlerMapping 日志类型: INFO  日志内容：Mapped URL path [/addLeave.*] onto handler 'leaveController']
2018-06-18 13:41:30,510 耗时：2956 [日志来自：notation.DefaultAnnotationHandlerMapping 日志类型: INFO  日志内容：Mapped URL path [/addLeave/] onto handler 'leaveController']
2018-06-18 13:41:30,510 耗时：2956 [日志来自：notation.DefaultAnnotationHandlerMapping 日志类型: INFO  日志内容：Mapped URL path [/updateLeave] onto handler 'leaveController']
2018-06-18 13:41:30,510 耗时：2956 [日志来自：notation.DefaultAnnotationHandlerMapping 日志类型: INFO  日志内容：Mapped URL path [/updateLeave.*] onto handler 'leaveController']
2018-06-18 13:41:30,510 耗时：2956 [日志来自：notation.DefaultAnnotationHandlerMapping 日志类型: INFO  日志内容：Mapped URL path [/updateLeave/] onto handler 'leaveController']
2018-06-18 13:41:30,510 耗时：2956 [日志来自：notation.DefaultAnnotationHandlerMapping 日志类型: INFO  日志内容：Mapped URL path [/getSchLeaves] onto handler 'leaveController']
2018-06-18 13:41:30,510 耗时：2956 [日志来自：notation.DefaultAnnotationHandlerMapping 日志类型: INFO  日志内容：Mapped URL path [/getSchLeaves.*] onto handler 'leaveController']
2018-06-18 13:41:30,510 耗时：2956 [日志来自：notation.DefaultAnnotationHandlerMapping 日志类型: INFO  日志内容：Mapped URL path [/getSchLeaves/] onto handler 'leaveController']
2018-06-18 13:41:30,510 耗时：2956 [日志来自：notation.DefaultAnnotationHandlerMapping 日志类型: INFO  日志内容：Mapped URL path [/deleteLesson] onto handler 'lessonManageController']
2018-06-18 13:41:30,510 耗时：2956 [日志来自：notation.DefaultAnnotationHandlerMapping 日志类型: INFO  日志内容：Mapped URL path [/deleteLesson.*] onto handler 'lessonManageController']
2018-06-18 13:41:30,510 耗时：2956 [日志来自：notation.DefaultAnnotationHandlerMapping 日志类型: INFO  日志内容：Mapped URL path [/deleteLesson/] onto handler 'lessonManageController']
2018-06-18 13:41:30,510 耗时：2956 [日志来自：notation.DefaultAnnotationHandlerMapping 日志类型: INFO  日志内容：Mapped URL path [/putLesson] onto handler 'lessonManageController']
2018-06-18 13:41:30,510 耗时：2956 [日志来自：notation.DefaultAnnotationHandlerMapping 日志类型: INFO  日志内容：Mapped URL path [/putLesson.*] onto handler 'lessonManageController']
2018-06-18 13:41:30,510 耗时：2956 [日志来自：notation.DefaultAnnotationHandlerMapping 日志类型: INFO  日志内容：Mapped URL path [/putLesson/] onto handler 'lessonManageController']
2018-06-18 13:41:30,510 耗时：2956 [日志来自：notation.DefaultAnnotationHandlerMapping 日志类型: INFO  日志内容：Mapped URL path [/getLessons] onto handler 'lessonManageController']
2018-06-18 13:41:30,510 耗时：2956 [日志来自：notation.DefaultAnnotationHandlerMapping 日志类型: INFO  日志内容：Mapped URL path [/getLessons.*] onto handler 'lessonManageController']
2018-06-18 13:41:30,510 耗时：2956 [日志来自：notation.DefaultAnnotationHandlerMapping 日志类型: INFO  日志内容：Mapped URL path [/getLessons/] onto handler 'lessonManageController']
2018-06-18 13:41:30,510 耗时：2956 [日志来自：notation.DefaultAnnotationHandlerMapping 日志类型: INFO  日志内容：Mapped URL path [/joinLesson] onto handler 'lessonManageController']
2018-06-18 13:41:30,510 耗时：2956 [日志来自：notation.DefaultAnnotationHandlerMapping 日志类型: INFO  日志内容：Mapped URL path [/joinLesson.*] onto handler 'lessonManageController']
2018-06-18 13:41:30,510 耗时：2956 [日志来自：notation.DefaultAnnotationHandlerMapping 日志类型: INFO  日志内容：Mapped URL path [/joinLesson/] onto handler 'lessonManageController']
2018-06-18 13:41:30,510 耗时：2956 [日志来自：notation.DefaultAnnotationHandlerMapping 日志类型: INFO  日志内容：Mapped URL path [/updateLessonStatus] onto handler 'lessonManageController']
2018-06-18 13:41:30,510 耗时：2956 [日志来自：notation.DefaultAnnotationHandlerMapping 日志类型: INFO  日志内容：Mapped URL path [/updateLessonStatus.*] onto handler 'lessonManageController']
2018-06-18 13:41:30,512 耗时：2958 [日志来自：notation.DefaultAnnotationHandlerMapping 日志类型: INFO  日志内容：Mapped URL path [/updateLessonStatus/] onto handler 'lessonManageController']
2018-06-18 13:41:30,512 耗时：2958 [日志来自：notation.DefaultAnnotationHandlerMapping 日志类型: INFO  日志内容：Mapped URL path [/getAreas] onto handler 'lessonManageController']
2018-06-18 13:41:30,512 耗时：2958 [日志来自：notation.DefaultAnnotationHandlerMapping 日志类型: INFO  日志内容：Mapped URL path [/getAreas.*] onto handler 'lessonManageController']
2018-06-18 13:41:30,512 耗时：2958 [日志来自：notation.DefaultAnnotationHandlerMapping 日志类型: INFO  日志内容：Mapped URL path [/getAreas/] onto handler 'lessonManageController']
2018-06-18 13:41:30,512 耗时：2958 [日志来自：notation.DefaultAnnotationHandlerMapping 日志类型: INFO  日志内容：Mapped URL path [/getIcons] onto handler 'lessonManageController']
2018-06-18 13:41:30,512 耗时：2958 [日志来自：notation.DefaultAnnotationHandlerMapping 日志类型: INFO  日志内容：Mapped URL path [/getIcons.*] onto handler 'lessonManageController']
2018-06-18 13:41:30,512 耗时：2958 [日志来自：notation.DefaultAnnotationHandlerMapping 日志类型: INFO  日志内容：Mapped URL path [/getIcons/] onto handler 'lessonManageController']
2018-06-18 13:41:30,512 耗时：2958 [日志来自：notation.DefaultAnnotationHandlerMapping 日志类型: INFO  日志内容：Mapped URL path [/searchLessons] onto handler 'lessonManageController']
2018-06-18 13:41:30,512 耗时：2958 [日志来自：notation.DefaultAnnotationHandlerMapping 日志类型: INFO  日志内容：Mapped URL path [/searchLessons.*] onto handler 'lessonManageController']
2018-06-18 13:41:30,512 耗时：2958 [日志来自：notation.DefaultAnnotationHandlerMapping 日志类型: INFO  日志内容：Mapped URL path [/searchLessons/] onto handler 'lessonManageController']
2018-06-18 13:41:30,513 耗时：2959 [日志来自：notation.DefaultAnnotationHandlerMapping 日志类型: INFO  日志内容：Mapped URL path [/login] onto handler 'loginController']
2018-06-18 13:41:30,513 耗时：2959 [日志来自：notation.DefaultAnnotationHandlerMapping 日志类型: INFO  日志内容：Mapped URL path [/login.*] onto handler 'loginController']
2018-06-18 13:41:30,513 耗时：2959 [日志来自：notation.DefaultAnnotationHandlerMapping 日志类型: INFO  日志内容：Mapped URL path [/login/] onto handler 'loginController']
2018-06-18 13:41:30,513 耗时：2959 [日志来自：notation.DefaultAnnotationHandlerMapping 日志类型: INFO  日志内容：Mapped URL path [/loginByWeChatId] onto handler 'loginController']
2018-06-18 13:41:30,513 耗时：2959 [日志来自：notation.DefaultAnnotationHandlerMapping 日志类型: INFO  日志内容：Mapped URL path [/loginByWeChatId.*] onto handler 'loginController']
2018-06-18 13:41:30,513 耗时：2959 [日志来自：notation.DefaultAnnotationHandlerMapping 日志类型: INFO  日志内容：Mapped URL path [/loginByWeChatId/] onto handler 'loginController']
2018-06-18 13:41:30,513 耗时：2959 [日志来自：notation.DefaultAnnotationHandlerMapping 日志类型: INFO  日志内容：Mapped URL path [/logOut] onto handler 'loginController']
2018-06-18 13:41:30,513 耗时：2959 [日志来自：notation.DefaultAnnotationHandlerMapping 日志类型: INFO  日志内容：Mapped URL path [/logOut.*] onto handler 'loginController']
2018-06-18 13:41:30,513 耗时：2959 [日志来自：notation.DefaultAnnotationHandlerMapping 日志类型: INFO  日志内容：Mapped URL path [/logOut/] onto handler 'loginController']
2018-06-18 13:41:30,513 耗时：2959 [日志来自：notation.DefaultAnnotationHandlerMapping 日志类型: INFO  日志内容：Mapped URL path [/getSysConfigs] onto handler 'loginController']
2018-06-18 13:41:30,513 耗时：2959 [日志来自：notation.DefaultAnnotationHandlerMapping 日志类型: INFO  日志内容：Mapped URL path [/getSysConfigs.*] onto handler 'loginController']
2018-06-18 13:41:30,513 耗时：2959 [日志来自：notation.DefaultAnnotationHandlerMapping 日志类型: INFO  日志内容：Mapped URL path [/getSysConfigs/] onto handler 'loginController']
2018-06-18 13:41:30,514 耗时：2960 [日志来自：notation.DefaultAnnotationHandlerMapping 日志类型: INFO  日志内容：Mapped URL path [/getSchedule] onto handler 'scheduleController']
2018-06-18 13:41:30,514 耗时：2960 [日志来自：notation.DefaultAnnotationHandlerMapping 日志类型: INFO  日志内容：Mapped URL path [/getSchedule.*] onto handler 'scheduleController']
2018-06-18 13:41:30,514 耗时：2960 [日志来自：notation.DefaultAnnotationHandlerMapping 日志类型: INFO  日志内容：Mapped URL path [/getSchedule/] onto handler 'scheduleController']
2018-06-18 13:41:30,514 耗时：2960 [日志来自：notation.DefaultAnnotationHandlerMapping 日志类型: INFO  日志内容：Mapped URL path [/putSchedule] onto handler 'scheduleController']
2018-06-18 13:41:30,514 耗时：2960 [日志来自：notation.DefaultAnnotationHandlerMapping 日志类型: INFO  日志内容：Mapped URL path [/putSchedule.*] onto handler 'scheduleController']
2018-06-18 13:41:30,514 耗时：2960 [日志来自：notation.DefaultAnnotationHandlerMapping 日志类型: INFO  日志内容：Mapped URL path [/putSchedule/] onto handler 'scheduleController']
2018-06-18 13:41:30,514 耗时：2960 [日志来自：notation.DefaultAnnotationHandlerMapping 日志类型: INFO  日志内容：Mapped URL path [/deleteSchedule] onto handler 'scheduleController']
2018-06-18 13:41:30,514 耗时：2960 [日志来自：notation.DefaultAnnotationHandlerMapping 日志类型: INFO  日志内容：Mapped URL path [/deleteSchedule.*] onto handler 'scheduleController']
2018-06-18 13:41:30,514 耗时：2960 [日志来自：notation.DefaultAnnotationHandlerMapping 日志类型: INFO  日志内容：Mapped URL path [/deleteSchedule/] onto handler 'scheduleController']
2018-06-18 13:41:30,514 耗时：2960 [日志来自：notation.DefaultAnnotationHandlerMapping 日志类型: INFO  日志内容：Mapped URL path [/hasSchModRole] onto handler 'scheduleController']
2018-06-18 13:41:30,514 耗时：2960 [日志来自：notation.DefaultAnnotationHandlerMapping 日志类型: INFO  日志内容：Mapped URL path [/hasSchModRole.*] onto handler 'scheduleController']
2018-06-18 13:41:30,514 耗时：2960 [日志来自：notation.DefaultAnnotationHandlerMapping 日志类型: INFO  日志内容：Mapped URL path [/hasSchModRole/] onto handler 'scheduleController']
2018-06-18 13:41:30,514 耗时：2960 [日志来自：notation.DefaultAnnotationHandlerMapping 日志类型: INFO  日志内容：Mapped URL path [/addSch] onto handler 'scheduleController']
2018-06-18 13:41:30,514 耗时：2960 [日志来自：notation.DefaultAnnotationHandlerMapping 日志类型: INFO  日志内容：Mapped URL path [/addSch.*] onto handler 'scheduleController']
2018-06-18 13:41:30,514 耗时：2960 [日志来自：notation.DefaultAnnotationHandlerMapping 日志类型: INFO  日志内容：Mapped URL path [/addSch/] onto handler 'scheduleController']
2018-06-18 13:41:30,514 耗时：2960 [日志来自：notation.DefaultAnnotationHandlerMapping 日志类型: INFO  日志内容：Mapped URL path [/getSingleScheduleByScheduleId] onto handler 'scheduleController']
2018-06-18 13:41:30,514 耗时：2960 [日志来自：notation.DefaultAnnotationHandlerMapping 日志类型: INFO  日志内容：Mapped URL path [/getSingleScheduleByScheduleId.*] onto handler 'scheduleController']
2018-06-18 13:41:30,515 耗时：2961 [日志来自：notation.DefaultAnnotationHandlerMapping 日志类型: INFO  日志内容：Mapped URL path [/getSingleScheduleByScheduleId/] onto handler 'scheduleController']
2018-06-18 13:41:30,515 耗时：2961 [日志来自：notation.DefaultAnnotationHandlerMapping 日志类型: INFO  日志内容：Mapped URL path [/updateSchedule] onto handler 'scheduleController']
2018-06-18 13:41:30,515 耗时：2961 [日志来自：notation.DefaultAnnotationHandlerMapping 日志类型: INFO  日志内容：Mapped URL path [/updateSchedule.*] onto handler 'scheduleController']
2018-06-18 13:41:30,515 耗时：2961 [日志来自：notation.DefaultAnnotationHandlerMapping 日志类型: INFO  日志内容：Mapped URL path [/updateSchedule/] onto handler 'scheduleController']
2018-06-18 13:41:30,515 耗时：2961 [日志来自：notation.DefaultAnnotationHandlerMapping 日志类型: INFO  日志内容：Mapped URL path [/getSchedules] onto handler 'scheduleController']
2018-06-18 13:41:30,515 耗时：2961 [日志来自：notation.DefaultAnnotationHandlerMapping 日志类型: INFO  日志内容：Mapped URL path [/getSchedules.*] onto handler 'scheduleController']
2018-06-18 13:41:30,515 耗时：2961 [日志来自：notation.DefaultAnnotationHandlerMapping 日志类型: INFO  日志内容：Mapped URL path [/getSchedules/] onto handler 'scheduleController']
2018-06-18 13:41:30,515 耗时：2961 [日志来自：notation.DefaultAnnotationHandlerMapping 日志类型: INFO  日志内容：Mapped URL path [/getSignListBySchId] onto handler 'signController']
2018-06-18 13:41:30,515 耗时：2961 [日志来自：notation.DefaultAnnotationHandlerMapping 日志类型: INFO  日志内容：Mapped URL path [/getSignListBySchId.*] onto handler 'signController']
2018-06-18 13:41:30,515 耗时：2961 [日志来自：notation.DefaultAnnotationHandlerMapping 日志类型: INFO  日志内容：Mapped URL path [/getSignListBySchId/] onto handler 'signController']
2018-06-18 13:41:30,515 耗时：2961 [日志来自：notation.DefaultAnnotationHandlerMapping 日志类型: INFO  日志内容：Mapped URL path [/lessonStuSign] onto handler 'signController']
2018-06-18 13:41:30,515 耗时：2961 [日志来自：notation.DefaultAnnotationHandlerMapping 日志类型: INFO  日志内容：Mapped URL path [/lessonStuSign.*] onto handler 'signController']
2018-06-18 13:41:30,515 耗时：2961 [日志来自：notation.DefaultAnnotationHandlerMapping 日志类型: INFO  日志内容：Mapped URL path [/lessonStuSign/] onto handler 'signController']
2018-06-18 13:41:30,515 耗时：2961 [日志来自：notation.DefaultAnnotationHandlerMapping 日志类型: INFO  日志内容：Mapped URL path [/exportLessSignInfo] onto handler 'signController']
2018-06-18 13:41:30,515 耗时：2961 [日志来自：notation.DefaultAnnotationHandlerMapping 日志类型: INFO  日志内容：Mapped URL path [/exportLessSignInfo.*] onto handler 'signController']
2018-06-18 13:41:30,516 耗时：2962 [日志来自：notation.DefaultAnnotationHandlerMapping 日志类型: INFO  日志内容：Mapped URL path [/exportLessSignInfo/] onto handler 'signController']
2018-06-18 13:41:30,516 耗时：2962 [日志来自：notation.DefaultAnnotationHandlerMapping 日志类型: INFO  日志内容：Mapped URL path [/getComments] onto handler 'TCommentController']
2018-06-18 13:41:30,516 耗时：2962 [日志来自：notation.DefaultAnnotationHandlerMapping 日志类型: INFO  日志内容：Mapped URL path [/getComments.*] onto handler 'TCommentController']
2018-06-18 13:41:30,516 耗时：2962 [日志来自：notation.DefaultAnnotationHandlerMapping 日志类型: INFO  日志内容：Mapped URL path [/getComments/] onto handler 'TCommentController']
2018-06-18 13:41:30,516 耗时：2962 [日志来自：notation.DefaultAnnotationHandlerMapping 日志类型: INFO  日志内容：Mapped URL path [/comment] onto handler 'TCommentController']
2018-06-18 13:41:30,516 耗时：2962 [日志来自：notation.DefaultAnnotationHandlerMapping 日志类型: INFO  日志内容：Mapped URL path [/comment.*] onto handler 'TCommentController']
2018-06-18 13:41:30,516 耗时：2962 [日志来自：notation.DefaultAnnotationHandlerMapping 日志类型: INFO  日志内容：Mapped URL path [/comment/] onto handler 'TCommentController']
2018-06-18 13:41:30,516 耗时：2962 [日志来自：notation.DefaultAnnotationHandlerMapping 日志类型: INFO  日志内容：Mapped URL path [/getCommTypes] onto handler 'TCommentController']
2018-06-18 13:41:30,516 耗时：2962 [日志来自：notation.DefaultAnnotationHandlerMapping 日志类型: INFO  日志内容：Mapped URL path [/getCommTypes.*] onto handler 'TCommentController']
2018-06-18 13:41:30,516 耗时：2962 [日志来自：notation.DefaultAnnotationHandlerMapping 日志类型: INFO  日志内容：Mapped URL path [/getCommTypes/] onto handler 'TCommentController']
2018-06-18 13:41:30,516 耗时：2962 [日志来自：notation.DefaultAnnotationHandlerMapping 日志类型: INFO  日志内容：Mapped URL path [/getCommTempGroup] onto handler 'TCommentController']
2018-06-18 13:41:30,516 耗时：2962 [日志来自：notation.DefaultAnnotationHandlerMapping 日志类型: INFO  日志内容：Mapped URL path [/getCommTempGroup.*] onto handler 'TCommentController']
2018-06-18 13:41:30,517 耗时：2963 [日志来自：notation.DefaultAnnotationHandlerMapping 日志类型: INFO  日志内容：Mapped URL path [/getCommTempGroup/] onto handler 'TCommentController']
2018-06-18 13:41:30,517 耗时：2963 [日志来自：notation.DefaultAnnotationHandlerMapping 日志类型: INFO  日志内容：Mapped URL path [/getCommTemps] onto handler 'TCommentController']
2018-06-18 13:41:30,517 耗时：2963 [日志来自：notation.DefaultAnnotationHandlerMapping 日志类型: INFO  日志内容：Mapped URL path [/getCommTemps.*] onto handler 'TCommentController']
2018-06-18 13:41:30,517 耗时：2963 [日志来自：notation.DefaultAnnotationHandlerMapping 日志类型: INFO  日志内容：Mapped URL path [/getCommTemps/] onto handler 'TCommentController']
2018-06-18 13:41:30,517 耗时：2963 [日志来自：notation.DefaultAnnotationHandlerMapping 日志类型: INFO  日志内容：Mapped URL path [/importCommTemplates] onto handler 'TCommentController']
2018-06-18 13:41:30,520 耗时：2966 [日志来自：notation.DefaultAnnotationHandlerMapping 日志类型: INFO  日志内容：Mapped URL path [/importCommTemplates.*] onto handler 'TCommentController']
2018-06-18 13:41:30,520 耗时：2966 [日志来自：notation.DefaultAnnotationHandlerMapping 日志类型: INFO  日志内容：Mapped URL path [/importCommTemplates/] onto handler 'TCommentController']
2018-06-18 13:41:30,520 耗时：2966 [日志来自：notation.DefaultAnnotationHandlerMapping 日志类型: INFO  日志内容：Mapped URL path [/getCommTemp] onto handler 'TCommentController']
2018-06-18 13:41:30,520 耗时：2966 [日志来自：notation.DefaultAnnotationHandlerMapping 日志类型: INFO  日志内容：Mapped URL path [/getCommTemp.*] onto handler 'TCommentController']
2018-06-18 13:41:30,521 耗时：2967 [日志来自：notation.DefaultAnnotationHandlerMapping 日志类型: INFO  日志内容：Mapped URL path [/getCommTemp/] onto handler 'TCommentController']
2018-06-18 13:41:30,521 耗时：2967 [日志来自：notation.DefaultAnnotationHandlerMapping 日志类型: INFO  日志内容：Mapped URL path [/download] onto handler 'fileUploadController']
2018-06-18 13:41:30,521 耗时：2967 [日志来自：notation.DefaultAnnotationHandlerMapping 日志类型: INFO  日志内容：Mapped URL path [/download.*] onto handler 'fileUploadController']
2018-06-18 13:41:30,521 耗时：2967 [日志来自：notation.DefaultAnnotationHandlerMapping 日志类型: INFO  日志内容：Mapped URL path [/download/] onto handler 'fileUploadController']
2018-06-18 13:41:30,521 耗时：2967 [日志来自：notation.DefaultAnnotationHandlerMapping 日志类型: INFO  日志内容：Mapped URL path [/upload] onto handler 'fileUploadController']
2018-06-18 13:41:30,521 耗时：2967 [日志来自：notation.DefaultAnnotationHandlerMapping 日志类型: INFO  日志内容：Mapped URL path [/upload.*] onto handler 'fileUploadController']
2018-06-18 13:41:30,521 耗时：2967 [日志来自：notation.DefaultAnnotationHandlerMapping 日志类型: INFO  日志内容：Mapped URL path [/upload/] onto handler 'fileUploadController']
2018-06-18 13:41:30,522 耗时：2968 [日志来自：notation.DefaultAnnotationHandlerMapping 日志类型: INFO  日志内容：Mapped URL path [/upload2] onto handler 'fileUploadController']
2018-06-18 13:41:30,522 耗时：2968 [日志来自：notation.DefaultAnnotationHandlerMapping 日志类型: INFO  日志内容：Mapped URL path [/upload2.*] onto handler 'fileUploadController']
2018-06-18 13:41:30,522 耗时：2968 [日志来自：notation.DefaultAnnotationHandlerMapping 日志类型: INFO  日志内容：Mapped URL path [/upload2/] onto handler 'fileUploadController']
2018-06-18 13:41:30,522 耗时：2968 [日志来自：notation.DefaultAnnotationHandlerMapping 日志类型: INFO  日志内容：Mapped URL path [/updateLesson] onto handler 'lessonController']
2018-06-18 13:41:30,522 耗时：2968 [日志来自：notation.DefaultAnnotationHandlerMapping 日志类型: INFO  日志内容：Mapped URL path [/updateLesson.*] onto handler 'lessonController']
2018-06-18 13:41:30,522 耗时：2968 [日志来自：notation.DefaultAnnotationHandlerMapping 日志类型: INFO  日志内容：Mapped URL path [/updateLesson/] onto handler 'lessonController']
2018-06-18 13:41:30,522 耗时：2968 [日志来自：notation.DefaultAnnotationHandlerMapping 日志类型: INFO  日志内容：Mapped URL path [/getLessons1] onto handler 'lessonController']
2018-06-18 13:41:30,522 耗时：2968 [日志来自：notation.DefaultAnnotationHandlerMapping 日志类型: INFO  日志内容：Mapped URL path [/getLessons1.*] onto handler 'lessonController']
2018-06-18 13:41:30,522 耗时：2968 [日志来自：notation.DefaultAnnotationHandlerMapping 日志类型: INFO  日志内容：Mapped URL path [/getLessons1/] onto handler 'lessonController']
2018-06-18 13:41:30,522 耗时：2968 [日志来自：notation.DefaultAnnotationHandlerMapping 日志类型: INFO  日志内容：Mapped URL path [/joinLesson1] onto handler 'lessonController']
2018-06-18 13:41:30,522 耗时：2968 [日志来自：notation.DefaultAnnotationHandlerMapping 日志类型: INFO  日志内容：Mapped URL path [/joinLesson1.*] onto handler 'lessonController']
2018-06-18 13:41:30,522 耗时：2968 [日志来自：notation.DefaultAnnotationHandlerMapping 日志类型: INFO  日志内容：Mapped URL path [/joinLesson1/] onto handler 'lessonController']
2018-06-18 13:41:30,522 耗时：2968 [日志来自：notation.DefaultAnnotationHandlerMapping 日志类型: INFO  日志内容：Mapped URL path [/addLesson] onto handler 'lessonController']
2018-06-18 13:41:30,523 耗时：2969 [日志来自：notation.DefaultAnnotationHandlerMapping 日志类型: INFO  日志内容：Mapped URL path [/addLesson.*] onto handler 'lessonController']
2018-06-18 13:41:30,524 耗时：2970 [日志来自：notation.DefaultAnnotationHandlerMapping 日志类型: INFO  日志内容：Mapped URL path [/addLesson/] onto handler 'lessonController']
2018-06-18 13:41:30,524 耗时：2970 [日志来自：notation.DefaultAnnotationHandlerMapping 日志类型: INFO  日志内容：Mapped URL path [/getLessonById] onto handler 'lessonController']
2018-06-18 13:41:30,525 耗时：2971 [日志来自：notation.DefaultAnnotationHandlerMapping 日志类型: INFO  日志内容：Mapped URL path [/getLessonById.*] onto handler 'lessonController']
2018-06-18 13:41:30,525 耗时：2971 [日志来自：notation.DefaultAnnotationHandlerMapping 日志类型: INFO  日志内容：Mapped URL path [/getLessonById/] onto handler 'lessonController']
2018-06-18 13:41:30,525 耗时：2971 [日志来自：notation.DefaultAnnotationHandlerMapping 日志类型: INFO  日志内容：Mapped URL path [/updateLessStatus] onto handler 'lessonController']
2018-06-18 13:41:30,525 耗时：2971 [日志来自：notation.DefaultAnnotationHandlerMapping 日志类型: INFO  日志内容：Mapped URL path [/updateLessStatus.*] onto handler 'lessonController']
2018-06-18 13:41:30,525 耗时：2971 [日志来自：notation.DefaultAnnotationHandlerMapping 日志类型: INFO  日志内容：Mapped URL path [/updateLessStatus/] onto handler 'lessonController']
2018-06-18 13:41:30,525 耗时：2971 [日志来自：notation.DefaultAnnotationHandlerMapping 日志类型: INFO  日志内容：Mapped URL path [/getAllLessons] onto handler 'lessonController']
2018-06-18 13:41:30,525 耗时：2971 [日志来自：notation.DefaultAnnotationHandlerMapping 日志类型: INFO  日志内容：Mapped URL path [/getAllLessons.*] onto handler 'lessonController']
2018-06-18 13:41:30,525 耗时：2971 [日志来自：notation.DefaultAnnotationHandlerMapping 日志类型: INFO  日志内容：Mapped URL path [/getAllLessons/] onto handler 'lessonController']
2018-06-18 13:41:30,525 耗时：2971 [日志来自：notation.DefaultAnnotationHandlerMapping 日志类型: INFO  日志内容：Mapped URL path [/importUsers] onto handler 'userController']
2018-06-18 13:41:30,525 耗时：2971 [日志来自：notation.DefaultAnnotationHandlerMapping 日志类型: INFO  日志内容：Mapped URL path [/importUsers.*] onto handler 'userController']
2018-06-18 13:41:30,527 耗时：2973 [日志来自：notation.DefaultAnnotationHandlerMapping 日志类型: INFO  日志内容：Mapped URL path [/importUsers/] onto handler 'userController']
2018-06-18 13:41:30,527 耗时：2973 [日志来自：notation.DefaultAnnotationHandlerMapping 日志类型: INFO  日志内容：Mapped URL path [/userRegist] onto handler 'userController']
2018-06-18 13:41:30,528 耗时：2974 [日志来自：notation.DefaultAnnotationHandlerMapping 日志类型: INFO  日志内容：Mapped URL path [/userRegist.*] onto handler 'userController']
2018-06-18 13:41:30,528 耗时：2974 [日志来自：notation.DefaultAnnotationHandlerMapping 日志类型: INFO  日志内容：Mapped URL path [/userRegist/] onto handler 'userController']
2018-06-18 13:41:30,528 耗时：2974 [日志来自：notation.DefaultAnnotationHandlerMapping 日志类型: INFO  日志内容：Mapped URL path [/addUser] onto handler 'userController']
2018-06-18 13:41:30,528 耗时：2974 [日志来自：notation.DefaultAnnotationHandlerMapping 日志类型: INFO  日志内容：Mapped URL path [/addUser.*] onto handler 'userController']
2018-06-18 13:41:30,528 耗时：2974 [日志来自：notation.DefaultAnnotationHandlerMapping 日志类型: INFO  日志内容：Mapped URL path [/addUser/] onto handler 'userController']
2018-06-18 13:41:30,528 耗时：2974 [日志来自：notation.DefaultAnnotationHandlerMapping 日志类型: INFO  日志内容：Mapped URL path [/getUserListByRole] onto handler 'userController']
2018-06-18 13:41:30,528 耗时：2974 [日志来自：notation.DefaultAnnotationHandlerMapping 日志类型: INFO  日志内容：Mapped URL path [/getUserListByRole.*] onto handler 'userController']
2018-06-18 13:41:30,528 耗时：2974 [日志来自：notation.DefaultAnnotationHandlerMapping 日志类型: INFO  日志内容：Mapped URL path [/getUserListByRole/] onto handler 'userController']
2018-06-18 13:41:30,528 耗时：2974 [日志来自：notation.DefaultAnnotationHandlerMapping 日志类型: INFO  日志内容：Mapped URL path [/getUserById] onto handler 'userController']
2018-06-18 13:41:30,528 耗时：2974 [日志来自：notation.DefaultAnnotationHandlerMapping 日志类型: INFO  日志内容：Mapped URL path [/getUserById.*] onto handler 'userController']
2018-06-18 13:41:30,528 耗时：2974 [日志来自：notation.DefaultAnnotationHandlerMapping 日志类型: INFO  日志内容：Mapped URL path [/getUserById/] onto handler 'userController']
2018-06-18 13:41:30,528 耗时：2974 [日志来自：notation.DefaultAnnotationHandlerMapping 日志类型: INFO  日志内容：Mapped URL path [/getUserList] onto handler 'userController']
2018-06-18 13:41:30,528 耗时：2974 [日志来自：notation.DefaultAnnotationHandlerMapping 日志类型: INFO  日志内容：Mapped URL path [/getUserList.*] onto handler 'userController']
2018-06-18 13:41:30,528 耗时：2974 [日志来自：notation.DefaultAnnotationHandlerMapping 日志类型: INFO  日志内容：Mapped URL path [/getUserList/] onto handler 'userController']
2018-06-18 13:41:30,528 耗时：2974 [日志来自：notation.DefaultAnnotationHandlerMapping 日志类型: INFO  日志内容：Mapped URL path [/updateUserStatus] onto handler 'userController']
2018-06-18 13:41:30,528 耗时：2974 [日志来自：notation.DefaultAnnotationHandlerMapping 日志类型: INFO  日志内容：Mapped URL path [/updateUserStatus.*] onto handler 'userController']
2018-06-18 13:41:30,528 耗时：2974 [日志来自：notation.DefaultAnnotationHandlerMapping 日志类型: INFO  日志内容：Mapped URL path [/updateUserStatus/] onto handler 'userController']
2018-06-18 13:41:30,528 耗时：2974 [日志来自：notation.DefaultAnnotationHandlerMapping 日志类型: INFO  日志内容：Mapped URL path [/updateMyUserInfo] onto handler 'userController']
2018-06-18 13:41:30,528 耗时：2974 [日志来自：notation.DefaultAnnotationHandlerMapping 日志类型: INFO  日志内容：Mapped URL path [/updateMyUserInfo.*] onto handler 'userController']
2018-06-18 13:41:30,528 耗时：2974 [日志来自：notation.DefaultAnnotationHandlerMapping 日志类型: INFO  日志内容：Mapped URL path [/updateMyUserInfo/] onto handler 'userController']
2018-06-18 13:41:30,528 耗时：2974 [日志来自：notation.DefaultAnnotationHandlerMapping 日志类型: INFO  日志内容：Mapped URL path [/updateMyPassword] onto handler 'userController']
2018-06-18 13:41:30,528 耗时：2974 [日志来自：notation.DefaultAnnotationHandlerMapping 日志类型: INFO  日志内容：Mapped URL path [/updateMyPassword.*] onto handler 'userController']
2018-06-18 13:41:30,529 耗时：2975 [日志来自：notation.DefaultAnnotationHandlerMapping 日志类型: INFO  日志内容：Mapped URL path [/updateMyPassword/] onto handler 'userController']
2018-06-18 13:41:30,529 耗时：2975 [日志来自：notation.DefaultAnnotationHandlerMapping 日志类型: INFO  日志内容：Mapped URL path [/getMyUserInfo] onto handler 'userController']
2018-06-18 13:41:30,529 耗时：2975 [日志来自：notation.DefaultAnnotationHandlerMapping 日志类型: INFO  日志内容：Mapped URL path [/getMyUserInfo.*] onto handler 'userController']
2018-06-18 13:41:30,529 耗时：2975 [日志来自：notation.DefaultAnnotationHandlerMapping 日志类型: INFO  日志内容：Mapped URL path [/getMyUserInfo/] onto handler 'userController']
2018-06-18 13:41:30,529 耗时：2975 [日志来自：notation.DefaultAnnotationHandlerMapping 日志类型: INFO  日志内容：Mapped URL path [/getCompanyList] onto handler 'userController']
2018-06-18 13:41:30,529 耗时：2975 [日志来自：notation.DefaultAnnotationHandlerMapping 日志类型: INFO  日志内容：Mapped URL path [/getCompanyList.*] onto handler 'userController']
2018-06-18 13:41:30,529 耗时：2975 [日志来自：notation.DefaultAnnotationHandlerMapping 日志类型: INFO  日志内容：Mapped URL path [/getCompanyList/] onto handler 'userController']
2018-06-18 13:41:30,530 耗时：2976 [日志来自：notation.DefaultAnnotationHandlerMapping 日志类型: INFO  日志内容：Mapped URL path [/updateUserInfo] onto handler 'userController']
2018-06-18 13:41:30,530 耗时：2976 [日志来自：notation.DefaultAnnotationHandlerMapping 日志类型: INFO  日志内容：Mapped URL path [/updateUserInfo.*] onto handler 'userController']
2018-06-18 13:41:30,530 耗时：2976 [日志来自：notation.DefaultAnnotationHandlerMapping 日志类型: INFO  日志内容：Mapped URL path [/updateUserInfo/] onto handler 'userController']
2018-06-18 13:41:30,572 耗时：3018 [日志来自：web.servlet.DispatcherServlet            日志类型: INFO  日志内容：FrameworkServlet 'springmvc': initialization completed in 649 ms]
2018-06-18 15:34:40,131 耗时：0 [日志来自：web.context.ContextLoader                日志类型: INFO  日志内容：Root WebApplicationContext: initialization started]
2018-06-18 15:34:40,231 耗时：100 [日志来自：context.support.XmlWebApplicationContext 日志类型: INFO  日志内容：Refreshing Root WebApplicationContext: startup date [Mon Jun 18 15:34:40 CST 2018]; root of context hierarchy]
2018-06-18 15:34:40,282 耗时：151 [日志来自：factory.xml.XmlBeanDefinitionReader      日志类型: INFO  日志内容：Loading XML bean definitions from class path resource [applicationContext.xml]]
2018-06-18 15:34:40,577 耗时：446 [日志来自：factory.xml.XmlBeanDefinitionReader      日志类型: INFO  日志内容：Loading XML bean definitions from class path resource [spring-mybatis.xml]]
2018-06-18 15:34:40,810 耗时：679 [日志来自：ory.config.PropertyPlaceholderConfigurer 日志类型: INFO  日志内容：Loading properties file from class path resource [jdbc.properties]]
2018-06-18 15:34:40,816 耗时：685 [日志来自：ion.AutowiredAnnotationBeanPostProcessor 日志类型: INFO  日志内容：JSR-330 'javax.inject.Inject' annotation found and supported for autowiring]
2018-06-18 15:34:43,025 耗时：2894 [日志来自：web.context.ContextLoader                日志类型: INFO  日志内容：Root WebApplicationContext: initialization completed in 2894 ms]
2018-06-18 15:34:43,064 耗时：2933 [日志来自：web.servlet.DispatcherServlet            日志类型: INFO  日志内容：FrameworkServlet 'springmvc': initialization started]
2018-06-18 15:34:43,066 耗时：2935 [日志来自：context.support.XmlWebApplicationContext 日志类型: INFO  日志内容：Refreshing WebApplicationContext for namespace 'springmvc-servlet': startup date [Mon Jun 18 15:34:43 CST 2018]; parent: Root WebApplicationContext]
2018-06-18 15:34:43,067 耗时：2936 [日志来自：factory.xml.XmlBeanDefinitionReader      日志类型: INFO  日志内容：Loading XML bean definitions from class path resource [springmvc.xml]]
2018-06-18 15:34:43,123 耗时：2992 [日志来自：ion.AutowiredAnnotationBeanPostProcessor 日志类型: INFO  日志内容：JSR-330 'javax.inject.Inject' annotation found and supported for autowiring]
2018-06-18 15:34:43,585 耗时：3454 [日志来自：notation.DefaultAnnotationHandlerMapping 日志类型: INFO  日志内容：Mapped URL path [/getLessonStu] onto handler 'lessonStuController']
2018-06-18 15:34:43,585 耗时：3454 [日志来自：notation.DefaultAnnotationHandlerMapping 日志类型: INFO  日志内容：Mapped URL path [/getLessonStu.*] onto handler 'lessonStuController']
2018-06-18 15:34:43,585 耗时：3454 [日志来自：notation.DefaultAnnotationHandlerMapping 日志类型: INFO  日志内容：Mapped URL path [/getLessonStu/] onto handler 'lessonStuController']
2018-06-18 15:34:43,585 耗时：3454 [日志来自：notation.DefaultAnnotationHandlerMapping 日志类型: INFO  日志内容：Mapped URL path [/lessonStuApprove] onto handler 'lessonStuController']
2018-06-18 15:34:43,585 耗时：3454 [日志来自：notation.DefaultAnnotationHandlerMapping 日志类型: INFO  日志内容：Mapped URL path [/lessonStuApprove.*] onto handler 'lessonStuController']
2018-06-18 15:34:43,585 耗时：3454 [日志来自：notation.DefaultAnnotationHandlerMapping 日志类型: INFO  日志内容：Mapped URL path [/lessonStuApprove/] onto handler 'lessonStuController']
2018-06-18 15:34:43,585 耗时：3454 [日志来自：notation.DefaultAnnotationHandlerMapping 日志类型: INFO  日志内容：Mapped URL path [/getInforms] onto handler 'informController']
2018-06-18 15:34:43,585 耗时：3454 [日志来自：notation.DefaultAnnotationHandlerMapping 日志类型: INFO  日志内容：Mapped URL path [/getInforms.*] onto handler 'informController']
2018-06-18 15:34:43,585 耗时：3454 [日志来自：notation.DefaultAnnotationHandlerMapping 日志类型: INFO  日志内容：Mapped URL path [/getInforms/] onto handler 'informController']
2018-06-18 15:34:43,585 耗时：3454 [日志来自：notation.DefaultAnnotationHandlerMapping 日志类型: INFO  日志内容：Mapped URL path [/getDefPics] onto handler 'informController']
2018-06-18 15:34:43,585 耗时：3454 [日志来自：notation.DefaultAnnotationHandlerMapping 日志类型: INFO  日志内容：Mapped URL path [/getDefPics.*] onto handler 'informController']
2018-06-18 15:34:43,585 耗时：3454 [日志来自：notation.DefaultAnnotationHandlerMapping 日志类型: INFO  日志内容：Mapped URL path [/getDefPics/] onto handler 'informController']
2018-06-18 15:34:43,586 耗时：3455 [日志来自：notation.DefaultAnnotationHandlerMapping 日志类型: INFO  日志内容：Mapped URL path [/getLessonFile] onto handler 'lessonFileController']
2018-06-18 15:34:43,586 耗时：3455 [日志来自：notation.DefaultAnnotationHandlerMapping 日志类型: INFO  日志内容：Mapped URL path [/getLessonFile.*] onto handler 'lessonFileController']
2018-06-18 15:34:43,586 耗时：3455 [日志来自：notation.DefaultAnnotationHandlerMapping 日志类型: INFO  日志内容：Mapped URL path [/getLessonFile/] onto handler 'lessonFileController']
2018-06-18 15:34:43,586 耗时：3455 [日志来自：notation.DefaultAnnotationHandlerMapping 日志类型: INFO  日志内容：Mapped URL path [/addLessFile] onto handler 'lessonFileController']
2018-06-18 15:34:43,586 耗时：3455 [日志来自：notation.DefaultAnnotationHandlerMapping 日志类型: INFO  日志内容：Mapped URL path [/addLessFile.*] onto handler 'lessonFileController']
2018-06-18 15:34:43,586 耗时：3455 [日志来自：notation.DefaultAnnotationHandlerMapping 日志类型: INFO  日志内容：Mapped URL path [/addLessFile/] onto handler 'lessonFileController']
2018-06-18 15:34:43,586 耗时：3455 [日志来自：notation.DefaultAnnotationHandlerMapping 日志类型: INFO  日志内容：Mapped URL path [/addLeave] onto handler 'leaveController']
2018-06-18 15:34:43,586 耗时：3455 [日志来自：notation.DefaultAnnotationHandlerMapping 日志类型: INFO  日志内容：Mapped URL path [/addLeave.*] onto handler 'leaveController']
2018-06-18 15:34:43,586 耗时：3455 [日志来自：notation.DefaultAnnotationHandlerMapping 日志类型: INFO  日志内容：Mapped URL path [/addLeave/] onto handler 'leaveController']
2018-06-18 15:34:43,586 耗时：3455 [日志来自：notation.DefaultAnnotationHandlerMapping 日志类型: INFO  日志内容：Mapped URL path [/updateLeave] onto handler 'leaveController']
2018-06-18 15:34:43,586 耗时：3455 [日志来自：notation.DefaultAnnotationHandlerMapping 日志类型: INFO  日志内容：Mapped URL path [/updateLeave.*] onto handler 'leaveController']
2018-06-18 15:34:43,586 耗时：3455 [日志来自：notation.DefaultAnnotationHandlerMapping 日志类型: INFO  日志内容：Mapped URL path [/updateLeave/] onto handler 'leaveController']
2018-06-18 15:34:43,587 耗时：3456 [日志来自：notation.DefaultAnnotationHandlerMapping 日志类型: INFO  日志内容：Mapped URL path [/getSchLeaves] onto handler 'leaveController']
2018-06-18 15:34:43,587 耗时：3456 [日志来自：notation.DefaultAnnotationHandlerMapping 日志类型: INFO  日志内容：Mapped URL path [/getSchLeaves.*] onto handler 'leaveController']
2018-06-18 15:34:43,587 耗时：3456 [日志来自：notation.DefaultAnnotationHandlerMapping 日志类型: INFO  日志内容：Mapped URL path [/getSchLeaves/] onto handler 'leaveController']
2018-06-18 15:34:43,588 耗时：3457 [日志来自：notation.DefaultAnnotationHandlerMapping 日志类型: INFO  日志内容：Mapped URL path [/getLessons] onto handler 'lessonManageController']
2018-06-18 15:34:43,588 耗时：3457 [日志来自：notation.DefaultAnnotationHandlerMapping 日志类型: INFO  日志内容：Mapped URL path [/getLessons.*] onto handler 'lessonManageController']
2018-06-18 15:34:43,588 耗时：3457 [日志来自：notation.DefaultAnnotationHandlerMapping 日志类型: INFO  日志内容：Mapped URL path [/getLessons/] onto handler 'lessonManageController']
2018-06-18 15:34:43,588 耗时：3457 [日志来自：notation.DefaultAnnotationHandlerMapping 日志类型: INFO  日志内容：Mapped URL path [/joinLesson] onto handler 'lessonManageController']
2018-06-18 15:34:43,588 耗时：3457 [日志来自：notation.DefaultAnnotationHandlerMapping 日志类型: INFO  日志内容：Mapped URL path [/joinLesson.*] onto handler 'lessonManageController']
2018-06-18 15:34:43,589 耗时：3458 [日志来自：notation.DefaultAnnotationHandlerMapping 日志类型: INFO  日志内容：Mapped URL path [/joinLesson/] onto handler 'lessonManageController']
2018-06-18 15:34:43,589 耗时：3458 [日志来自：notation.DefaultAnnotationHandlerMapping 日志类型: INFO  日志内容：Mapped URL path [/updateLessonStatus] onto handler 'lessonManageController']
2018-06-18 15:34:43,590 耗时：3459 [日志来自：notation.DefaultAnnotationHandlerMapping 日志类型: INFO  日志内容：Mapped URL path [/updateLessonStatus.*] onto handler 'lessonManageController']
2018-06-18 15:34:43,590 耗时：3459 [日志来自：notation.DefaultAnnotationHandlerMapping 日志类型: INFO  日志内容：Mapped URL path [/updateLessonStatus/] onto handler 'lessonManageController']
2018-06-18 15:34:43,590 耗时：3459 [日志来自：notation.DefaultAnnotationHandlerMapping 日志类型: INFO  日志内容：Mapped URL path [/getAreas] onto handler 'lessonManageController']
2018-06-18 15:34:43,590 耗时：3459 [日志来自：notation.DefaultAnnotationHandlerMapping 日志类型: INFO  日志内容：Mapped URL path [/getAreas.*] onto handler 'lessonManageController']
2018-06-18 15:34:43,590 耗时：3459 [日志来自：notation.DefaultAnnotationHandlerMapping 日志类型: INFO  日志内容：Mapped URL path [/getAreas/] onto handler 'lessonManageController']
2018-06-18 15:34:43,590 耗时：3459 [日志来自：notation.DefaultAnnotationHandlerMapping 日志类型: INFO  日志内容：Mapped URL path [/getIcons] onto handler 'lessonManageController']
2018-06-18 15:34:43,590 耗时：3459 [日志来自：notation.DefaultAnnotationHandlerMapping 日志类型: INFO  日志内容：Mapped URL path [/getIcons.*] onto handler 'lessonManageController']
2018-06-18 15:34:43,590 耗时：3459 [日志来自：notation.DefaultAnnotationHandlerMapping 日志类型: INFO  日志内容：Mapped URL path [/getIcons/] onto handler 'lessonManageController']
2018-06-18 15:34:43,590 耗时：3459 [日志来自：notation.DefaultAnnotationHandlerMapping 日志类型: INFO  日志内容：Mapped URL path [/searchLessons] onto handler 'lessonManageController']
2018-06-18 15:34:43,590 耗时：3459 [日志来自：notation.DefaultAnnotationHandlerMapping 日志类型: INFO  日志内容：Mapped URL path [/searchLessons.*] onto handler 'lessonManageController']
2018-06-18 15:34:43,590 耗时：3459 [日志来自：notation.DefaultAnnotationHandlerMapping 日志类型: INFO  日志内容：Mapped URL path [/searchLessons/] onto handler 'lessonManageController']
2018-06-18 15:34:43,590 耗时：3459 [日志来自：notation.DefaultAnnotationHandlerMapping 日志类型: INFO  日志内容：Mapped URL path [/deleteLesson] onto handler 'lessonManageController']
2018-06-18 15:34:43,590 耗时：3459 [日志来自：notation.DefaultAnnotationHandlerMapping 日志类型: INFO  日志内容：Mapped URL path [/deleteLesson.*] onto handler 'lessonManageController']
2018-06-18 15:34:43,590 耗时：3459 [日志来自：notation.DefaultAnnotationHandlerMapping 日志类型: INFO  日志内容：Mapped URL path [/deleteLesson/] onto handler 'lessonManageController']
2018-06-18 15:34:43,590 耗时：3459 [日志来自：notation.DefaultAnnotationHandlerMapping 日志类型: INFO  日志内容：Mapped URL path [/putLesson] onto handler 'lessonManageController']
2018-06-18 15:34:43,591 耗时：3460 [日志来自：notation.DefaultAnnotationHandlerMapping 日志类型: INFO  日志内容：Mapped URL path [/putLesson.*] onto handler 'lessonManageController']
2018-06-18 15:34:43,591 耗时：3460 [日志来自：notation.DefaultAnnotationHandlerMapping 日志类型: INFO  日志内容：Mapped URL path [/putLesson/] onto handler 'lessonManageController']
2018-06-18 15:34:43,591 耗时：3460 [日志来自：notation.DefaultAnnotationHandlerMapping 日志类型: INFO  日志内容：Mapped URL path [/loginByWeChatId] onto handler 'loginController']
2018-06-18 15:34:43,591 耗时：3460 [日志来自：notation.DefaultAnnotationHandlerMapping 日志类型: INFO  日志内容：Mapped URL path [/loginByWeChatId.*] onto handler 'loginController']
2018-06-18 15:34:43,591 耗时：3460 [日志来自：notation.DefaultAnnotationHandlerMapping 日志类型: INFO  日志内容：Mapped URL path [/loginByWeChatId/] onto handler 'loginController']
2018-06-18 15:34:43,591 耗时：3460 [日志来自：notation.DefaultAnnotationHandlerMapping 日志类型: INFO  日志内容：Mapped URL path [/login] onto handler 'loginController']
2018-06-18 15:34:43,591 耗时：3460 [日志来自：notation.DefaultAnnotationHandlerMapping 日志类型: INFO  日志内容：Mapped URL path [/login.*] onto handler 'loginController']
2018-06-18 15:34:43,591 耗时：3460 [日志来自：notation.DefaultAnnotationHandlerMapping 日志类型: INFO  日志内容：Mapped URL path [/login/] onto handler 'loginController']
2018-06-18 15:34:43,591 耗时：3460 [日志来自：notation.DefaultAnnotationHandlerMapping 日志类型: INFO  日志内容：Mapped URL path [/logOut] onto handler 'loginController']
2018-06-18 15:34:43,591 耗时：3460 [日志来自：notation.DefaultAnnotationHandlerMapping 日志类型: INFO  日志内容：Mapped URL path [/logOut.*] onto handler 'loginController']
2018-06-18 15:34:43,591 耗时：3460 [日志来自：notation.DefaultAnnotationHandlerMapping 日志类型: INFO  日志内容：Mapped URL path [/logOut/] onto handler 'loginController']
2018-06-18 15:34:43,591 耗时：3460 [日志来自：notation.DefaultAnnotationHandlerMapping 日志类型: INFO  日志内容：Mapped URL path [/getSysConfigs] onto handler 'loginController']
2018-06-18 15:34:43,592 耗时：3461 [日志来自：notation.DefaultAnnotationHandlerMapping 日志类型: INFO  日志内容：Mapped URL path [/getSysConfigs.*] onto handler 'loginController']
2018-06-18 15:34:43,592 耗时：3461 [日志来自：notation.DefaultAnnotationHandlerMapping 日志类型: INFO  日志内容：Mapped URL path [/getSysConfigs/] onto handler 'loginController']
2018-06-18 15:34:43,592 耗时：3461 [日志来自：notation.DefaultAnnotationHandlerMapping 日志类型: INFO  日志内容：Mapped URL path [/putSchedule] onto handler 'scheduleController']
2018-06-18 15:34:43,595 耗时：3464 [日志来自：notation.DefaultAnnotationHandlerMapping 日志类型: INFO  日志内容：Mapped URL path [/putSchedule.*] onto handler 'scheduleController']
2018-06-18 15:34:43,595 耗时：3464 [日志来自：notation.DefaultAnnotationHandlerMapping 日志类型: INFO  日志内容：Mapped URL path [/putSchedule/] onto handler 'scheduleController']
2018-06-18 15:34:43,595 耗时：3464 [日志来自：notation.DefaultAnnotationHandlerMapping 日志类型: INFO  日志内容：Mapped URL path [/deleteSchedule] onto handler 'scheduleController']
2018-06-18 15:34:43,595 耗时：3464 [日志来自：notation.DefaultAnnotationHandlerMapping 日志类型: INFO  日志内容：Mapped URL path [/deleteSchedule.*] onto handler 'scheduleController']
2018-06-18 15:34:43,595 耗时：3464 [日志来自：notation.DefaultAnnotationHandlerMapping 日志类型: INFO  日志内容：Mapped URL path [/deleteSchedule/] onto handler 'scheduleController']
2018-06-18 15:34:43,595 耗时：3464 [日志来自：notation.DefaultAnnotationHandlerMapping 日志类型: INFO  日志内容：Mapped URL path [/hasSchModRole] onto handler 'scheduleController']
2018-06-18 15:34:43,595 耗时：3464 [日志来自：notation.DefaultAnnotationHandlerMapping 日志类型: INFO  日志内容：Mapped URL path [/hasSchModRole.*] onto handler 'scheduleController']
2018-06-18 15:34:43,595 耗时：3464 [日志来自：notation.DefaultAnnotationHandlerMapping 日志类型: INFO  日志内容：Mapped URL path [/hasSchModRole/] onto handler 'scheduleController']
2018-06-18 15:34:43,595 耗时：3464 [日志来自：notation.DefaultAnnotationHandlerMapping 日志类型: INFO  日志内容：Mapped URL path [/addSch] onto handler 'scheduleController']
2018-06-18 15:34:43,595 耗时：3464 [日志来自：notation.DefaultAnnotationHandlerMapping 日志类型: INFO  日志内容：Mapped URL path [/addSch.*] onto handler 'scheduleController']
2018-06-18 15:34:43,595 耗时：3464 [日志来自：notation.DefaultAnnotationHandlerMapping 日志类型: INFO  日志内容：Mapped URL path [/addSch/] onto handler 'scheduleController']
2018-06-18 15:34:43,595 耗时：3464 [日志来自：notation.DefaultAnnotationHandlerMapping 日志类型: INFO  日志内容：Mapped URL path [/getSingleScheduleByScheduleId] onto handler 'scheduleController']
2018-06-18 15:34:43,595 耗时：3464 [日志来自：notation.DefaultAnnotationHandlerMapping 日志类型: INFO  日志内容：Mapped URL path [/getSingleScheduleByScheduleId.*] onto handler 'scheduleController']
2018-06-18 15:34:43,595 耗时：3464 [日志来自：notation.DefaultAnnotationHandlerMapping 日志类型: INFO  日志内容：Mapped URL path [/getSingleScheduleByScheduleId/] onto handler 'scheduleController']
2018-06-18 15:34:43,595 耗时：3464 [日志来自：notation.DefaultAnnotationHandlerMapping 日志类型: INFO  日志内容：Mapped URL path [/updateSchedule] onto handler 'scheduleController']
2018-06-18 15:34:43,595 耗时：3464 [日志来自：notation.DefaultAnnotationHandlerMapping 日志类型: INFO  日志内容：Mapped URL path [/updateSchedule.*] onto handler 'scheduleController']
2018-06-18 15:34:43,596 耗时：3465 [日志来自：notation.DefaultAnnotationHandlerMapping 日志类型: INFO  日志内容：Mapped URL path [/updateSchedule/] onto handler 'scheduleController']
2018-06-18 15:34:43,596 耗时：3465 [日志来自：notation.DefaultAnnotationHandlerMapping 日志类型: INFO  日志内容：Mapped URL path [/getSchedules] onto handler 'scheduleController']
2018-06-18 15:34:43,596 耗时：3465 [日志来自：notation.DefaultAnnotationHandlerMapping 日志类型: INFO  日志内容：Mapped URL path [/getSchedules.*] onto handler 'scheduleController']
2018-06-18 15:34:43,596 耗时：3465 [日志来自：notation.DefaultAnnotationHandlerMapping 日志类型: INFO  日志内容：Mapped URL path [/getSchedules/] onto handler 'scheduleController']
2018-06-18 15:34:43,596 耗时：3465 [日志来自：notation.DefaultAnnotationHandlerMapping 日志类型: INFO  日志内容：Mapped URL path [/getSchedule] onto handler 'scheduleController']
2018-06-18 15:34:43,596 耗时：3465 [日志来自：notation.DefaultAnnotationHandlerMapping 日志类型: INFO  日志内容：Mapped URL path [/getSchedule.*] onto handler 'scheduleController']
2018-06-18 15:34:43,596 耗时：3465 [日志来自：notation.DefaultAnnotationHandlerMapping 日志类型: INFO  日志内容：Mapped URL path [/getSchedule/] onto handler 'scheduleController']
2018-06-18 15:34:43,596 耗时：3465 [日志来自：notation.DefaultAnnotationHandlerMapping 日志类型: INFO  日志内容：Mapped URL path [/lessonStuSign] onto handler 'signController']
2018-06-18 15:34:43,596 耗时：3465 [日志来自：notation.DefaultAnnotationHandlerMapping 日志类型: INFO  日志内容：Mapped URL path [/lessonStuSign.*] onto handler 'signController']
2018-06-18 15:34:43,596 耗时：3465 [日志来自：notation.DefaultAnnotationHandlerMapping 日志类型: INFO  日志内容：Mapped URL path [/lessonStuSign/] onto handler 'signController']
2018-06-18 15:34:43,596 耗时：3465 [日志来自：notation.DefaultAnnotationHandlerMapping 日志类型: INFO  日志内容：Mapped URL path [/exportLessSignInfo] onto handler 'signController']
2018-06-18 15:34:43,596 耗时：3465 [日志来自：notation.DefaultAnnotationHandlerMapping 日志类型: INFO  日志内容：Mapped URL path [/exportLessSignInfo.*] onto handler 'signController']
2018-06-18 15:34:43,596 耗时：3465 [日志来自：notation.DefaultAnnotationHandlerMapping 日志类型: INFO  日志内容：Mapped URL path [/exportLessSignInfo/] onto handler 'signController']
2018-06-18 15:34:43,597 耗时：3466 [日志来自：notation.DefaultAnnotationHandlerMapping 日志类型: INFO  日志内容：Mapped URL path [/getSignListBySchId] onto handler 'signController']
2018-06-18 15:34:43,597 耗时：3466 [日志来自：notation.DefaultAnnotationHandlerMapping 日志类型: INFO  日志内容：Mapped URL path [/getSignListBySchId.*] onto handler 'signController']
2018-06-18 15:34:43,597 耗时：3466 [日志来自：notation.DefaultAnnotationHandlerMapping 日志类型: INFO  日志内容：Mapped URL path [/getSignListBySchId/] onto handler 'signController']
2018-06-18 15:34:43,598 耗时：3467 [日志来自：notation.DefaultAnnotationHandlerMapping 日志类型: INFO  日志内容：Mapped URL path [/getComments] onto handler 'TCommentController']
2018-06-18 15:34:43,598 耗时：3467 [日志来自：notation.DefaultAnnotationHandlerMapping 日志类型: INFO  日志内容：Mapped URL path [/getComments.*] onto handler 'TCommentController']
2018-06-18 15:34:43,598 耗时：3467 [日志来自：notation.DefaultAnnotationHandlerMapping 日志类型: INFO  日志内容：Mapped URL path [/getComments/] onto handler 'TCommentController']
2018-06-18 15:34:43,598 耗时：3467 [日志来自：notation.DefaultAnnotationHandlerMapping 日志类型: INFO  日志内容：Mapped URL path [/comment] onto handler 'TCommentController']
2018-06-18 15:34:43,598 耗时：3467 [日志来自：notation.DefaultAnnotationHandlerMapping 日志类型: INFO  日志内容：Mapped URL path [/comment.*] onto handler 'TCommentController']
2018-06-18 15:34:43,598 耗时：3467 [日志来自：notation.DefaultAnnotationHandlerMapping 日志类型: INFO  日志内容：Mapped URL path [/comment/] onto handler 'TCommentController']
2018-06-18 15:34:43,598 耗时：3467 [日志来自：notation.DefaultAnnotationHandlerMapping 日志类型: INFO  日志内容：Mapped URL path [/getCommTypes] onto handler 'TCommentController']
2018-06-18 15:34:43,598 耗时：3467 [日志来自：notation.DefaultAnnotationHandlerMapping 日志类型: INFO  日志内容：Mapped URL path [/getCommTypes.*] onto handler 'TCommentController']
2018-06-18 15:34:43,598 耗时：3467 [日志来自：notation.DefaultAnnotationHandlerMapping 日志类型: INFO  日志内容：Mapped URL path [/getCommTypes/] onto handler 'TCommentController']
2018-06-18 15:34:43,599 耗时：3468 [日志来自：notation.DefaultAnnotationHandlerMapping 日志类型: INFO  日志内容：Mapped URL path [/getCommTempGroup] onto handler 'TCommentController']
2018-06-18 15:34:43,601 耗时：3470 [日志来自：notation.DefaultAnnotationHandlerMapping 日志类型: INFO  日志内容：Mapped URL path [/getCommTempGroup.*] onto handler 'TCommentController']
2018-06-18 15:34:43,601 耗时：3470 [日志来自：notation.DefaultAnnotationHandlerMapping 日志类型: INFO  日志内容：Mapped URL path [/getCommTempGroup/] onto handler 'TCommentController']
2018-06-18 15:34:43,601 耗时：3470 [日志来自：notation.DefaultAnnotationHandlerMapping 日志类型: INFO  日志内容：Mapped URL path [/getCommTemps] onto handler 'TCommentController']
2018-06-18 15:34:43,601 耗时：3470 [日志来自：notation.DefaultAnnotationHandlerMapping 日志类型: INFO  日志内容：Mapped URL path [/getCommTemps.*] onto handler 'TCommentController']
2018-06-18 15:34:43,601 耗时：3470 [日志来自：notation.DefaultAnnotationHandlerMapping 日志类型: INFO  日志内容：Mapped URL path [/getCommTemps/] onto handler 'TCommentController']
2018-06-18 15:34:43,602 耗时：3471 [日志来自：notation.DefaultAnnotationHandlerMapping 日志类型: INFO  日志内容：Mapped URL path [/importCommTemplates] onto handler 'TCommentController']
2018-06-18 15:34:43,602 耗时：3471 [日志来自：notation.DefaultAnnotationHandlerMapping 日志类型: INFO  日志内容：Mapped URL path [/importCommTemplates.*] onto handler 'TCommentController']
2018-06-18 15:34:43,602 耗时：3471 [日志来自：notation.DefaultAnnotationHandlerMapping 日志类型: INFO  日志内容：Mapped URL path [/importCommTemplates/] onto handler 'TCommentController']
2018-06-18 15:34:43,602 耗时：3471 [日志来自：notation.DefaultAnnotationHandlerMapping 日志类型: INFO  日志内容：Mapped URL path [/getCommTemp] onto handler 'TCommentController']
2018-06-18 15:34:43,602 耗时：3471 [日志来自：notation.DefaultAnnotationHandlerMapping 日志类型: INFO  日志内容：Mapped URL path [/getCommTemp.*] onto handler 'TCommentController']
2018-06-18 15:34:43,602 耗时：3471 [日志来自：notation.DefaultAnnotationHandlerMapping 日志类型: INFO  日志内容：Mapped URL path [/getCommTemp/] onto handler 'TCommentController']
2018-06-18 15:34:43,602 耗时：3471 [日志来自：notation.DefaultAnnotationHandlerMapping 日志类型: INFO  日志内容：Mapped URL path [/download] onto handler 'fileUploadController']
2018-06-18 15:34:43,602 耗时：3471 [日志来自：notation.DefaultAnnotationHandlerMapping 日志类型: INFO  日志内容：Mapped URL path [/download.*] onto handler 'fileUploadController']
2018-06-18 15:34:43,602 耗时：3471 [日志来自：notation.DefaultAnnotationHandlerMapping 日志类型: INFO  日志内容：Mapped URL path [/download/] onto handler 'fileUploadController']
2018-06-18 15:34:43,602 耗时：3471 [日志来自：notation.DefaultAnnotationHandlerMapping 日志类型: INFO  日志内容：Mapped URL path [/upload] onto handler 'fileUploadController']
2018-06-18 15:34:43,602 耗时：3471 [日志来自：notation.DefaultAnnotationHandlerMapping 日志类型: INFO  日志内容：Mapped URL path [/upload.*] onto handler 'fileUploadController']
2018-06-18 15:34:43,602 耗时：3471 [日志来自：notation.DefaultAnnotationHandlerMapping 日志类型: INFO  日志内容：Mapped URL path [/upload/] onto handler 'fileUploadController']
2018-06-18 15:34:43,602 耗时：3471 [日志来自：notation.DefaultAnnotationHandlerMapping 日志类型: INFO  日志内容：Mapped URL path [/upload2] onto handler 'fileUploadController']
2018-06-18 15:34:43,603 耗时：3472 [日志来自：notation.DefaultAnnotationHandlerMapping 日志类型: INFO  日志内容：Mapped URL path [/upload2.*] onto handler 'fileUploadController']
2018-06-18 15:34:43,603 耗时：3472 [日志来自：notation.DefaultAnnotationHandlerMapping 日志类型: INFO  日志内容：Mapped URL path [/upload2/] onto handler 'fileUploadController']
2018-06-18 15:34:43,603 耗时：3472 [日志来自：notation.DefaultAnnotationHandlerMapping 日志类型: INFO  日志内容：Mapped URL path [/getLessons1] onto handler 'lessonController']
2018-06-18 15:34:43,603 耗时：3472 [日志来自：notation.DefaultAnnotationHandlerMapping 日志类型: INFO  日志内容：Mapped URL path [/getLessons1.*] onto handler 'lessonController']
2018-06-18 15:34:43,603 耗时：3472 [日志来自：notation.DefaultAnnotationHandlerMapping 日志类型: INFO  日志内容：Mapped URL path [/getLessons1/] onto handler 'lessonController']
2018-06-18 15:34:43,603 耗时：3472 [日志来自：notation.DefaultAnnotationHandlerMapping 日志类型: INFO  日志内容：Mapped URL path [/joinLesson1] onto handler 'lessonController']
2018-06-18 15:34:43,603 耗时：3472 [日志来自：notation.DefaultAnnotationHandlerMapping 日志类型: INFO  日志内容：Mapped URL path [/joinLesson1.*] onto handler 'lessonController']
2018-06-18 15:34:43,603 耗时：3472 [日志来自：notation.DefaultAnnotationHandlerMapping 日志类型: INFO  日志内容：Mapped URL path [/joinLesson1/] onto handler 'lessonController']
2018-06-18 15:34:43,603 耗时：3472 [日志来自：notation.DefaultAnnotationHandlerMapping 日志类型: INFO  日志内容：Mapped URL path [/updateLesson] onto handler 'lessonController']
2018-06-18 15:34:43,603 耗时：3472 [日志来自：notation.DefaultAnnotationHandlerMapping 日志类型: INFO  日志内容：Mapped URL path [/updateLesson.*] onto handler 'lessonController']
2018-06-18 15:34:43,603 耗时：3472 [日志来自：notation.DefaultAnnotationHandlerMapping 日志类型: INFO  日志内容：Mapped URL path [/updateLesson/] onto handler 'lessonController']
2018-06-18 15:34:43,603 耗时：3472 [日志来自：notation.DefaultAnnotationHandlerMapping 日志类型: INFO  日志内容：Mapped URL path [/addLesson] onto handler 'lessonController']
2018-06-18 15:34:43,603 耗时：3472 [日志来自：notation.DefaultAnnotationHandlerMapping 日志类型: INFO  日志内容：Mapped URL path [/addLesson.*] onto handler 'lessonController']
2018-06-18 15:34:43,603 耗时：3472 [日志来自：notation.DefaultAnnotationHandlerMapping 日志类型: INFO  日志内容：Mapped URL path [/addLesson/] onto handler 'lessonController']
2018-06-18 15:34:43,603 耗时：3472 [日志来自：notation.DefaultAnnotationHandlerMapping 日志类型: INFO  日志内容：Mapped URL path [/getLessonById] onto handler 'lessonController']
2018-06-18 15:34:43,603 耗时：3472 [日志来自：notation.DefaultAnnotationHandlerMapping 日志类型: INFO  日志内容：Mapped URL path [/getLessonById.*] onto handler 'lessonController']
2018-06-18 15:34:43,603 耗时：3472 [日志来自：notation.DefaultAnnotationHandlerMapping 日志类型: INFO  日志内容：Mapped URL path [/getLessonById/] onto handler 'lessonController']
2018-06-18 15:34:43,603 耗时：3472 [日志来自：notation.DefaultAnnotationHandlerMapping 日志类型: INFO  日志内容：Mapped URL path [/updateLessStatus] onto handler 'lessonController']
2018-06-18 15:34:43,603 耗时：3472 [日志来自：notation.DefaultAnnotationHandlerMapping 日志类型: INFO  日志内容：Mapped URL path [/updateLessStatus.*] onto handler 'lessonController']
2018-06-18 15:34:43,603 耗时：3472 [日志来自：notation.DefaultAnnotationHandlerMapping 日志类型: INFO  日志内容：Mapped URL path [/updateLessStatus/] onto handler 'lessonController']
2018-06-18 15:34:43,603 耗时：3472 [日志来自：notation.DefaultAnnotationHandlerMapping 日志类型: INFO  日志内容：Mapped URL path [/getAllLessons] onto handler 'lessonController']
2018-06-18 15:34:43,603 耗时：3472 [日志来自：notation.DefaultAnnotationHandlerMapping 日志类型: INFO  日志内容：Mapped URL path [/getAllLessons.*] onto handler 'lessonController']
2018-06-18 15:34:43,603 耗时：3472 [日志来自：notation.DefaultAnnotationHandlerMapping 日志类型: INFO  日志内容：Mapped URL path [/getAllLessons/] onto handler 'lessonController']
2018-06-18 15:34:43,604 耗时：3473 [日志来自：notation.DefaultAnnotationHandlerMapping 日志类型: INFO  日志内容：Mapped URL path [/userRegist] onto handler 'userController']
2018-06-18 15:34:43,604 耗时：3473 [日志来自：notation.DefaultAnnotationHandlerMapping 日志类型: INFO  日志内容：Mapped URL path [/userRegist.*] onto handler 'userController']
2018-06-18 15:34:43,604 耗时：3473 [日志来自：notation.DefaultAnnotationHandlerMapping 日志类型: INFO  日志内容：Mapped URL path [/userRegist/] onto handler 'userController']
2018-06-18 15:34:43,604 耗时：3473 [日志来自：notation.DefaultAnnotationHandlerMapping 日志类型: INFO  日志内容：Mapped URL path [/importUsers] onto handler 'userController']
2018-06-18 15:34:43,604 耗时：3473 [日志来自：notation.DefaultAnnotationHandlerMapping 日志类型: INFO  日志内容：Mapped URL path [/importUsers.*] onto handler 'userController']
2018-06-18 15:34:43,604 耗时：3473 [日志来自：notation.DefaultAnnotationHandlerMapping 日志类型: INFO  日志内容：Mapped URL path [/importUsers/] onto handler 'userController']
2018-06-18 15:34:43,604 耗时：3473 [日志来自：notation.DefaultAnnotationHandlerMapping 日志类型: INFO  日志内容：Mapped URL path [/addUser] onto handler 'userController']
2018-06-18 15:34:43,604 耗时：3473 [日志来自：notation.DefaultAnnotationHandlerMapping 日志类型: INFO  日志内容：Mapped URL path [/addUser.*] onto handler 'userController']
2018-06-18 15:34:43,604 耗时：3473 [日志来自：notation.DefaultAnnotationHandlerMapping 日志类型: INFO  日志内容：Mapped URL path [/addUser/] onto handler 'userController']
2018-06-18 15:34:43,604 耗时：3473 [日志来自：notation.DefaultAnnotationHandlerMapping 日志类型: INFO  日志内容：Mapped URL path [/getUserById] onto handler 'userController']
2018-06-18 15:34:43,604 耗时：3473 [日志来自：notation.DefaultAnnotationHandlerMapping 日志类型: INFO  日志内容：Mapped URL path [/getUserById.*] onto handler 'userController']
2018-06-18 15:34:43,604 耗时：3473 [日志来自：notation.DefaultAnnotationHandlerMapping 日志类型: INFO  日志内容：Mapped URL path [/getUserById/] onto handler 'userController']
2018-06-18 15:34:43,604 耗时：3473 [日志来自：notation.DefaultAnnotationHandlerMapping 日志类型: INFO  日志内容：Mapped URL path [/getCompanyList] onto handler 'userController']
2018-06-18 15:34:43,604 耗时：3473 [日志来自：notation.DefaultAnnotationHandlerMapping 日志类型: INFO  日志内容：Mapped URL path [/getCompanyList.*] onto handler 'userController']
2018-06-18 15:34:43,604 耗时：3473 [日志来自：notation.DefaultAnnotationHandlerMapping 日志类型: INFO  日志内容：Mapped URL path [/getCompanyList/] onto handler 'userController']
2018-06-18 15:34:43,604 耗时：3473 [日志来自：notation.DefaultAnnotationHandlerMapping 日志类型: INFO  日志内容：Mapped URL path [/getUserListByRole] onto handler 'userController']
2018-06-18 15:34:43,604 耗时：3473 [日志来自：notation.DefaultAnnotationHandlerMapping 日志类型: INFO  日志内容：Mapped URL path [/getUserListByRole.*] onto handler 'userController']
2018-06-18 15:34:43,604 耗时：3473 [日志来自：notation.DefaultAnnotationHandlerMapping 日志类型: INFO  日志内容：Mapped URL path [/getUserListByRole/] onto handler 'userController']
2018-06-18 15:34:43,604 耗时：3473 [日志来自：notation.DefaultAnnotationHandlerMapping 日志类型: INFO  日志内容：Mapped URL path [/getUserList] onto handler 'userController']
2018-06-18 15:34:43,604 耗时：3473 [日志来自：notation.DefaultAnnotationHandlerMapping 日志类型: INFO  日志内容：Mapped URL path [/getUserList.*] onto handler 'userController']
2018-06-18 15:34:43,604 耗时：3473 [日志来自：notation.DefaultAnnotationHandlerMapping 日志类型: INFO  日志内容：Mapped URL path [/getUserList/] onto handler 'userController']
2018-06-18 15:34:43,604 耗时：3473 [日志来自：notation.DefaultAnnotationHandlerMapping 日志类型: INFO  日志内容：Mapped URL path [/updateUserStatus] onto handler 'userController']
2018-06-18 15:34:43,604 耗时：3473 [日志来自：notation.DefaultAnnotationHandlerMapping 日志类型: INFO  日志内容：Mapped URL path [/updateUserStatus.*] onto handler 'userController']
2018-06-18 15:34:43,604 耗时：3473 [日志来自：notation.DefaultAnnotationHandlerMapping 日志类型: INFO  日志内容：Mapped URL path [/updateUserStatus/] onto handler 'userController']
2018-06-18 15:34:43,605 耗时：3474 [日志来自：notation.DefaultAnnotationHandlerMapping 日志类型: INFO  日志内容：Mapped URL path [/updateMyUserInfo] onto handler 'userController']
2018-06-18 15:34:43,605 耗时：3474 [日志来自：notation.DefaultAnnotationHandlerMapping 日志类型: INFO  日志内容：Mapped URL path [/updateMyUserInfo.*] onto handler 'userController']
2018-06-18 15:34:43,605 耗时：3474 [日志来自：notation.DefaultAnnotationHandlerMapping 日志类型: INFO  日志内容：Mapped URL path [/updateMyUserInfo/] onto handler 'userController']
2018-06-18 15:34:43,605 耗时：3474 [日志来自：notation.DefaultAnnotationHandlerMapping 日志类型: INFO  日志内容：Mapped URL path [/updateMyPassword] onto handler 'userController']
2018-06-18 15:34:43,605 耗时：3474 [日志来自：notation.DefaultAnnotationHandlerMapping 日志类型: INFO  日志内容：Mapped URL path [/updateMyPassword.*] onto handler 'userController']
2018-06-18 15:34:43,605 耗时：3474 [日志来自：notation.DefaultAnnotationHandlerMapping 日志类型: INFO  日志内容：Mapped URL path [/updateMyPassword/] onto handler 'userController']
2018-06-18 15:34:43,605 耗时：3474 [日志来自：notation.DefaultAnnotationHandlerMapping 日志类型: INFO  日志内容：Mapped URL path [/getMyUserInfo] onto handler 'userController']
2018-06-18 15:34:43,605 耗时：3474 [日志来自：notation.DefaultAnnotationHandlerMapping 日志类型: INFO  日志内容：Mapped URL path [/getMyUserInfo.*] onto handler 'userController']
2018-06-18 15:34:43,605 耗时：3474 [日志来自：notation.DefaultAnnotationHandlerMapping 日志类型: INFO  日志内容：Mapped URL path [/getMyUserInfo/] onto handler 'userController']
2018-06-18 15:34:43,605 耗时：3474 [日志来自：notation.DefaultAnnotationHandlerMapping 日志类型: INFO  日志内容：Mapped URL path [/updateUserInfo] onto handler 'userController']
2018-06-18 15:34:43,605 耗时：3474 [日志来自：notation.DefaultAnnotationHandlerMapping 日志类型: INFO  日志内容：Mapped URL path [/updateUserInfo.*] onto handler 'userController']
2018-06-18 15:34:43,605 耗时：3474 [日志来自：notation.DefaultAnnotationHandlerMapping 日志类型: INFO  日志内容：Mapped URL path [/updateUserInfo/] onto handler 'userController']
2018-06-18 15:34:43,638 耗时：3507 [日志来自：web.servlet.DispatcherServlet            日志类型: INFO  日志内容：FrameworkServlet 'springmvc': initialization completed in 574 ms]
2018-06-18 18:41:15,315 耗时：0 [日志来自：web.context.ContextLoader                日志类型: INFO  日志内容：Root WebApplicationContext: initialization started]
2018-06-18 18:41:15,487 耗时：172 [日志来自：context.support.XmlWebApplicationContext 日志类型: INFO  日志内容：Refreshing Root WebApplicationContext: startup date [Mon Jun 18 18:41:15 CST 2018]; root of context hierarchy]
2018-06-18 18:41:15,779 耗时：464 [日志来自：factory.xml.XmlBeanDefinitionReader      日志类型: INFO  日志内容：Loading XML bean definitions from class path resource [applicationContext.xml]]
2018-06-18 18:41:16,293 耗时：978 [日志来自：factory.xml.XmlBeanDefinitionReader      日志类型: INFO  日志内容：Loading XML bean definitions from class path resource [spring-mybatis.xml]]
2018-06-18 18:41:16,753 耗时：1438 [日志来自：ory.config.PropertyPlaceholderConfigurer 日志类型: INFO  日志内容：Loading properties file from class path resource [jdbc.properties]]
2018-06-18 18:41:16,761 耗时：1446 [日志来自：ion.AutowiredAnnotationBeanPostProcessor 日志类型: INFO  日志内容：JSR-330 'javax.inject.Inject' annotation found and supported for autowiring]
2018-06-18 18:41:18,914 耗时：3599 [日志来自：web.context.ContextLoader                日志类型: INFO  日志内容：Root WebApplicationContext: initialization completed in 3598 ms]
2018-06-18 18:41:18,981 耗时：3666 [日志来自：web.servlet.DispatcherServlet            日志类型: INFO  日志内容：FrameworkServlet 'springmvc': initialization started]
2018-06-18 18:41:18,984 耗时：3669 [日志来自：context.support.XmlWebApplicationContext 日志类型: INFO  日志内容：Refreshing WebApplicationContext for namespace 'springmvc-servlet': startup date [Mon Jun 18 18:41:18 CST 2018]; parent: Root WebApplicationContext]
2018-06-18 18:41:18,984 耗时：3669 [日志来自：factory.xml.XmlBeanDefinitionReader      日志类型: INFO  日志内容：Loading XML bean definitions from class path resource [springmvc.xml]]
2018-06-18 18:41:19,036 耗时：3721 [日志来自：ion.AutowiredAnnotationBeanPostProcessor 日志类型: INFO  日志内容：JSR-330 'javax.inject.Inject' annotation found and supported for autowiring]
2018-06-18 18:41:19,498 耗时：4183 [日志来自：notation.DefaultAnnotationHandlerMapping 日志类型: INFO  日志内容：Mapped URL path [/lessonStuApprove] onto handler 'lessonStuController']
2018-06-18 18:41:19,498 耗时：4183 [日志来自：notation.DefaultAnnotationHandlerMapping 日志类型: INFO  日志内容：Mapped URL path [/lessonStuApprove.*] onto handler 'lessonStuController']
2018-06-18 18:41:19,498 耗时：4183 [日志来自：notation.DefaultAnnotationHandlerMapping 日志类型: INFO  日志内容：Mapped URL path [/lessonStuApprove/] onto handler 'lessonStuController']
2018-06-18 18:41:19,498 耗时：4183 [日志来自：notation.DefaultAnnotationHandlerMapping 日志类型: INFO  日志内容：Mapped URL path [/getLessonStu] onto handler 'lessonStuController']
2018-06-18 18:41:19,498 耗时：4183 [日志来自：notation.DefaultAnnotationHandlerMapping 日志类型: INFO  日志内容：Mapped URL path [/getLessonStu.*] onto handler 'lessonStuController']
2018-06-18 18:41:19,498 耗时：4183 [日志来自：notation.DefaultAnnotationHandlerMapping 日志类型: INFO  日志内容：Mapped URL path [/getLessonStu/] onto handler 'lessonStuController']
2018-06-18 18:41:19,498 耗时：4183 [日志来自：notation.DefaultAnnotationHandlerMapping 日志类型: INFO  日志内容：Mapped URL path [/getInforms] onto handler 'informController']
2018-06-18 18:41:19,498 耗时：4183 [日志来自：notation.DefaultAnnotationHandlerMapping 日志类型: INFO  日志内容：Mapped URL path [/getInforms.*] onto handler 'informController']
2018-06-18 18:41:19,499 耗时：4184 [日志来自：notation.DefaultAnnotationHandlerMapping 日志类型: INFO  日志内容：Mapped URL path [/getInforms/] onto handler 'informController']
2018-06-18 18:41:19,499 耗时：4184 [日志来自：notation.DefaultAnnotationHandlerMapping 日志类型: INFO  日志内容：Mapped URL path [/getDefPics] onto handler 'informController']
2018-06-18 18:41:19,499 耗时：4184 [日志来自：notation.DefaultAnnotationHandlerMapping 日志类型: INFO  日志内容：Mapped URL path [/getDefPics.*] onto handler 'informController']
2018-06-18 18:41:19,499 耗时：4184 [日志来自：notation.DefaultAnnotationHandlerMapping 日志类型: INFO  日志内容：Mapped URL path [/getDefPics/] onto handler 'informController']
2018-06-18 18:41:19,499 耗时：4184 [日志来自：notation.DefaultAnnotationHandlerMapping 日志类型: INFO  日志内容：Mapped URL path [/getLessonFile] onto handler 'lessonFileController']
2018-06-18 18:41:19,499 耗时：4184 [日志来自：notation.DefaultAnnotationHandlerMapping 日志类型: INFO  日志内容：Mapped URL path [/getLessonFile.*] onto handler 'lessonFileController']
2018-06-18 18:41:19,499 耗时：4184 [日志来自：notation.DefaultAnnotationHandlerMapping 日志类型: INFO  日志内容：Mapped URL path [/getLessonFile/] onto handler 'lessonFileController']
2018-06-18 18:41:19,499 耗时：4184 [日志来自：notation.DefaultAnnotationHandlerMapping 日志类型: INFO  日志内容：Mapped URL path [/addLessFile] onto handler 'lessonFileController']
2018-06-18 18:41:19,499 耗时：4184 [日志来自：notation.DefaultAnnotationHandlerMapping 日志类型: INFO  日志内容：Mapped URL path [/addLessFile.*] onto handler 'lessonFileController']
2018-06-18 18:41:19,499 耗时：4184 [日志来自：notation.DefaultAnnotationHandlerMapping 日志类型: INFO  日志内容：Mapped URL path [/addLessFile/] onto handler 'lessonFileController']
2018-06-18 18:41:19,499 耗时：4184 [日志来自：notation.DefaultAnnotationHandlerMapping 日志类型: INFO  日志内容：Mapped URL path [/addLeave] onto handler 'leaveController']
2018-06-18 18:41:19,500 耗时：4185 [日志来自：notation.DefaultAnnotationHandlerMapping 日志类型: INFO  日志内容：Mapped URL path [/addLeave.*] onto handler 'leaveController']
2018-06-18 18:41:19,500 耗时：4185 [日志来自：notation.DefaultAnnotationHandlerMapping 日志类型: INFO  日志内容：Mapped URL path [/addLeave/] onto handler 'leaveController']
2018-06-18 18:41:19,500 耗时：4185 [日志来自：notation.DefaultAnnotationHandlerMapping 日志类型: INFO  日志内容：Mapped URL path [/updateLeave] onto handler 'leaveController']
2018-06-18 18:41:19,500 耗时：4185 [日志来自：notation.DefaultAnnotationHandlerMapping 日志类型: INFO  日志内容：Mapped URL path [/updateLeave.*] onto handler 'leaveController']
2018-06-18 18:41:19,500 耗时：4185 [日志来自：notation.DefaultAnnotationHandlerMapping 日志类型: INFO  日志内容：Mapped URL path [/updateLeave/] onto handler 'leaveController']
2018-06-18 18:41:19,500 耗时：4185 [日志来自：notation.DefaultAnnotationHandlerMapping 日志类型: INFO  日志内容：Mapped URL path [/getSchLeaves] onto handler 'leaveController']
2018-06-18 18:41:19,500 耗时：4185 [日志来自：notation.DefaultAnnotationHandlerMapping 日志类型: INFO  日志内容：Mapped URL path [/getSchLeaves.*] onto handler 'leaveController']
2018-06-18 18:41:19,500 耗时：4185 [日志来自：notation.DefaultAnnotationHandlerMapping 日志类型: INFO  日志内容：Mapped URL path [/getSchLeaves/] onto handler 'leaveController']
2018-06-18 18:41:19,500 耗时：4185 [日志来自：notation.DefaultAnnotationHandlerMapping 日志类型: INFO  日志内容：Mapped URL path [/getLessons] onto handler 'lessonManageController']
2018-06-18 18:41:19,500 耗时：4185 [日志来自：notation.DefaultAnnotationHandlerMapping 日志类型: INFO  日志内容：Mapped URL path [/getLessons.*] onto handler 'lessonManageController']
2018-06-18 18:41:19,500 耗时：4185 [日志来自：notation.DefaultAnnotationHandlerMapping 日志类型: INFO  日志内容：Mapped URL path [/getLessons/] onto handler 'lessonManageController']
2018-06-18 18:41:19,501 耗时：4186 [日志来自：notation.DefaultAnnotationHandlerMapping 日志类型: INFO  日志内容：Mapped URL path [/joinLesson] onto handler 'lessonManageController']
2018-06-18 18:41:19,501 耗时：4186 [日志来自：notation.DefaultAnnotationHandlerMapping 日志类型: INFO  日志内容：Mapped URL path [/joinLesson.*] onto handler 'lessonManageController']
2018-06-18 18:41:19,501 耗时：4186 [日志来自：notation.DefaultAnnotationHandlerMapping 日志类型: INFO  日志内容：Mapped URL path [/joinLesson/] onto handler 'lessonManageController']
2018-06-18 18:41:19,501 耗时：4186 [日志来自：notation.DefaultAnnotationHandlerMapping 日志类型: INFO  日志内容：Mapped URL path [/updateLessonStatus] onto handler 'lessonManageController']
2018-06-18 18:41:19,502 耗时：4187 [日志来自：notation.DefaultAnnotationHandlerMapping 日志类型: INFO  日志内容：Mapped URL path [/updateLessonStatus.*] onto handler 'lessonManageController']
2018-06-18 18:41:19,502 耗时：4187 [日志来自：notation.DefaultAnnotationHandlerMapping 日志类型: INFO  日志内容：Mapped URL path [/updateLessonStatus/] onto handler 'lessonManageController']
2018-06-18 18:41:19,508 耗时：4193 [日志来自：notation.DefaultAnnotationHandlerMapping 日志类型: INFO  日志内容：Mapped URL path [/deleteLesson] onto handler 'lessonManageController']
2018-06-18 18:41:19,508 耗时：4193 [日志来自：notation.DefaultAnnotationHandlerMapping 日志类型: INFO  日志内容：Mapped URL path [/deleteLesson.*] onto handler 'lessonManageController']
2018-06-18 18:41:19,511 耗时：4196 [日志来自：notation.DefaultAnnotationHandlerMapping 日志类型: INFO  日志内容：Mapped URL path [/deleteLesson/] onto handler 'lessonManageController']
2018-06-18 18:41:19,511 耗时：4196 [日志来自：notation.DefaultAnnotationHandlerMapping 日志类型: INFO  日志内容：Mapped URL path [/putLesson] onto handler 'lessonManageController']
2018-06-18 18:41:19,511 耗时：4196 [日志来自：notation.DefaultAnnotationHandlerMapping 日志类型: INFO  日志内容：Mapped URL path [/putLesson.*] onto handler 'lessonManageController']
2018-06-18 18:41:19,511 耗时：4196 [日志来自：notation.DefaultAnnotationHandlerMapping 日志类型: INFO  日志内容：Mapped URL path [/putLesson/] onto handler 'lessonManageController']
2018-06-18 18:41:19,511 耗时：4196 [日志来自：notation.DefaultAnnotationHandlerMapping 日志类型: INFO  日志内容：Mapped URL path [/getIcons] onto handler 'lessonManageController']
2018-06-18 18:41:19,511 耗时：4196 [日志来自：notation.DefaultAnnotationHandlerMapping 日志类型: INFO  日志内容：Mapped URL path [/getIcons.*] onto handler 'lessonManageController']
2018-06-18 18:41:19,511 耗时：4196 [日志来自：notation.DefaultAnnotationHandlerMapping 日志类型: INFO  日志内容：Mapped URL path [/getIcons/] onto handler 'lessonManageController']
2018-06-18 18:41:19,512 耗时：4197 [日志来自：notation.DefaultAnnotationHandlerMapping 日志类型: INFO  日志内容：Mapped URL path [/getAreas] onto handler 'lessonManageController']
2018-06-18 18:41:19,512 耗时：4197 [日志来自：notation.DefaultAnnotationHandlerMapping 日志类型: INFO  日志内容：Mapped URL path [/getAreas.*] onto handler 'lessonManageController']
2018-06-18 18:41:19,512 耗时：4197 [日志来自：notation.DefaultAnnotationHandlerMapping 日志类型: INFO  日志内容：Mapped URL path [/getAreas/] onto handler 'lessonManageController']
2018-06-18 18:41:19,512 耗时：4197 [日志来自：notation.DefaultAnnotationHandlerMapping 日志类型: INFO  日志内容：Mapped URL path [/searchLessons] onto handler 'lessonManageController']
2018-06-18 18:41:19,512 耗时：4197 [日志来自：notation.DefaultAnnotationHandlerMapping 日志类型: INFO  日志内容：Mapped URL path [/searchLessons.*] onto handler 'lessonManageController']
2018-06-18 18:41:19,512 耗时：4197 [日志来自：notation.DefaultAnnotationHandlerMapping 日志类型: INFO  日志内容：Mapped URL path [/searchLessons/] onto handler 'lessonManageController']
2018-06-18 18:41:19,512 耗时：4197 [日志来自：notation.DefaultAnnotationHandlerMapping 日志类型: INFO  日志内容：Mapped URL path [/loginByWeChatId] onto handler 'loginController']
2018-06-18 18:41:19,512 耗时：4197 [日志来自：notation.DefaultAnnotationHandlerMapping 日志类型: INFO  日志内容：Mapped URL path [/loginByWeChatId.*] onto handler 'loginController']
2018-06-18 18:41:19,512 耗时：4197 [日志来自：notation.DefaultAnnotationHandlerMapping 日志类型: INFO  日志内容：Mapped URL path [/loginByWeChatId/] onto handler 'loginController']
2018-06-18 18:41:19,512 耗时：4197 [日志来自：notation.DefaultAnnotationHandlerMapping 日志类型: INFO  日志内容：Mapped URL path [/login] onto handler 'loginController']
2018-06-18 18:41:19,512 耗时：4197 [日志来自：notation.DefaultAnnotationHandlerMapping 日志类型: INFO  日志内容：Mapped URL path [/login.*] onto handler 'loginController']
2018-06-18 18:41:19,512 耗时：4197 [日志来自：notation.DefaultAnnotationHandlerMapping 日志类型: INFO  日志内容：Mapped URL path [/login/] onto handler 'loginController']
2018-06-18 18:41:19,513 耗时：4198 [日志来自：notation.DefaultAnnotationHandlerMapping 日志类型: INFO  日志内容：Mapped URL path [/logOut] onto handler 'loginController']
2018-06-18 18:41:19,513 耗时：4198 [日志来自：notation.DefaultAnnotationHandlerMapping 日志类型: INFO  日志内容：Mapped URL path [/logOut.*] onto handler 'loginController']
2018-06-18 18:41:19,513 耗时：4198 [日志来自：notation.DefaultAnnotationHandlerMapping 日志类型: INFO  日志内容：Mapped URL path [/logOut/] onto handler 'loginController']
2018-06-18 18:41:19,513 耗时：4198 [日志来自：notation.DefaultAnnotationHandlerMapping 日志类型: INFO  日志内容：Mapped URL path [/getSysConfigs] onto handler 'loginController']
2018-06-18 18:41:19,513 耗时：4198 [日志来自：notation.DefaultAnnotationHandlerMapping 日志类型: INFO  日志内容：Mapped URL path [/getSysConfigs.*] onto handler 'loginController']
2018-06-18 18:41:19,513 耗时：4198 [日志来自：notation.DefaultAnnotationHandlerMapping 日志类型: INFO  日志内容：Mapped URL path [/getSysConfigs/] onto handler 'loginController']
2018-06-18 18:41:19,513 耗时：4198 [日志来自：notation.DefaultAnnotationHandlerMapping 日志类型: INFO  日志内容：Mapped URL path [/putSchedule] onto handler 'scheduleController']
2018-06-18 18:41:19,513 耗时：4198 [日志来自：notation.DefaultAnnotationHandlerMapping 日志类型: INFO  日志内容：Mapped URL path [/putSchedule.*] onto handler 'scheduleController']
2018-06-18 18:41:19,513 耗时：4198 [日志来自：notation.DefaultAnnotationHandlerMapping 日志类型: INFO  日志内容：Mapped URL path [/putSchedule/] onto handler 'scheduleController']
2018-06-18 18:41:19,513 耗时：4198 [日志来自：notation.DefaultAnnotationHandlerMapping 日志类型: INFO  日志内容：Mapped URL path [/deleteSchedule] onto handler 'scheduleController']
2018-06-18 18:41:19,513 耗时：4198 [日志来自：notation.DefaultAnnotationHandlerMapping 日志类型: INFO  日志内容：Mapped URL path [/deleteSchedule.*] onto handler 'scheduleController']
2018-06-18 18:41:19,513 耗时：4198 [日志来自：notation.DefaultAnnotationHandlerMapping 日志类型: INFO  日志内容：Mapped URL path [/deleteSchedule/] onto handler 'scheduleController']
2018-06-18 18:41:19,513 耗时：4198 [日志来自：notation.DefaultAnnotationHandlerMapping 日志类型: INFO  日志内容：Mapped URL path [/hasSchModRole] onto handler 'scheduleController']
2018-06-18 18:41:19,513 耗时：4198 [日志来自：notation.DefaultAnnotationHandlerMapping 日志类型: INFO  日志内容：Mapped URL path [/hasSchModRole.*] onto handler 'scheduleController']
2018-06-18 18:41:19,514 耗时：4199 [日志来自：notation.DefaultAnnotationHandlerMapping 日志类型: INFO  日志内容：Mapped URL path [/hasSchModRole/] onto handler 'scheduleController']
2018-06-18 18:41:19,514 耗时：4199 [日志来自：notation.DefaultAnnotationHandlerMapping 日志类型: INFO  日志内容：Mapped URL path [/getSchedule] onto handler 'scheduleController']
2018-06-18 18:41:19,514 耗时：4199 [日志来自：notation.DefaultAnnotationHandlerMapping 日志类型: INFO  日志内容：Mapped URL path [/getSchedule.*] onto handler 'scheduleController']
2018-06-18 18:41:19,514 耗时：4199 [日志来自：notation.DefaultAnnotationHandlerMapping 日志类型: INFO  日志内容：Mapped URL path [/getSchedule/] onto handler 'scheduleController']
2018-06-18 18:41:19,514 耗时：4199 [日志来自：notation.DefaultAnnotationHandlerMapping 日志类型: INFO  日志内容：Mapped URL path [/addSch] onto handler 'scheduleController']
2018-06-18 18:41:19,514 耗时：4199 [日志来自：notation.DefaultAnnotationHandlerMapping 日志类型: INFO  日志内容：Mapped URL path [/addSch.*] onto handler 'scheduleController']
2018-06-18 18:41:19,514 耗时：4199 [日志来自：notation.DefaultAnnotationHandlerMapping 日志类型: INFO  日志内容：Mapped URL path [/addSch/] onto handler 'scheduleController']
2018-06-18 18:41:19,514 耗时：4199 [日志来自：notation.DefaultAnnotationHandlerMapping 日志类型: INFO  日志内容：Mapped URL path [/getSingleScheduleByScheduleId] onto handler 'scheduleController']
2018-06-18 18:41:19,514 耗时：4199 [日志来自：notation.DefaultAnnotationHandlerMapping 日志类型: INFO  日志内容：Mapped URL path [/getSingleScheduleByScheduleId.*] onto handler 'scheduleController']
2018-06-18 18:41:19,514 耗时：4199 [日志来自：notation.DefaultAnnotationHandlerMapping 日志类型: INFO  日志内容：Mapped URL path [/getSingleScheduleByScheduleId/] onto handler 'scheduleController']
2018-06-18 18:41:19,514 耗时：4199 [日志来自：notation.DefaultAnnotationHandlerMapping 日志类型: INFO  日志内容：Mapped URL path [/updateSchedule] onto handler 'scheduleController']
2018-06-18 18:41:19,514 耗时：4199 [日志来自：notation.DefaultAnnotationHandlerMapping 日志类型: INFO  日志内容：Mapped URL path [/updateSchedule.*] onto handler 'scheduleController']
2018-06-18 18:41:19,514 耗时：4199 [日志来自：notation.DefaultAnnotationHandlerMapping 日志类型: INFO  日志内容：Mapped URL path [/updateSchedule/] onto handler 'scheduleController']
2018-06-18 18:41:19,514 耗时：4199 [日志来自：notation.DefaultAnnotationHandlerMapping 日志类型: INFO  日志内容：Mapped URL path [/getSchedules] onto handler 'scheduleController']
2018-06-18 18:41:19,514 耗时：4199 [日志来自：notation.DefaultAnnotationHandlerMapping 日志类型: INFO  日志内容：Mapped URL path [/getSchedules.*] onto handler 'scheduleController']
2018-06-18 18:41:19,515 耗时：4200 [日志来自：notation.DefaultAnnotationHandlerMapping 日志类型: INFO  日志内容：Mapped URL path [/getSchedules/] onto handler 'scheduleController']
2018-06-18 18:41:19,515 耗时：4200 [日志来自：notation.DefaultAnnotationHandlerMapping 日志类型: INFO  日志内容：Mapped URL path [/getSignListBySchId] onto handler 'signController']
2018-06-18 18:41:19,515 耗时：4200 [日志来自：notation.DefaultAnnotationHandlerMapping 日志类型: INFO  日志内容：Mapped URL path [/getSignListBySchId.*] onto handler 'signController']
2018-06-18 18:41:19,515 耗时：4200 [日志来自：notation.DefaultAnnotationHandlerMapping 日志类型: INFO  日志内容：Mapped URL path [/getSignListBySchId/] onto handler 'signController']
2018-06-18 18:41:19,515 耗时：4200 [日志来自：notation.DefaultAnnotationHandlerMapping 日志类型: INFO  日志内容：Mapped URL path [/lessonStuSign] onto handler 'signController']
2018-06-18 18:41:19,515 耗时：4200 [日志来自：notation.DefaultAnnotationHandlerMapping 日志类型: INFO  日志内容：Mapped URL path [/lessonStuSign.*] onto handler 'signController']
2018-06-18 18:41:19,515 耗时：4200 [日志来自：notation.DefaultAnnotationHandlerMapping 日志类型: INFO  日志内容：Mapped URL path [/lessonStuSign/] onto handler 'signController']
2018-06-18 18:41:19,515 耗时：4200 [日志来自：notation.DefaultAnnotationHandlerMapping 日志类型: INFO  日志内容：Mapped URL path [/exportLessSignInfo] onto handler 'signController']
2018-06-18 18:41:19,515 耗时：4200 [日志来自：notation.DefaultAnnotationHandlerMapping 日志类型: INFO  日志内容：Mapped URL path [/exportLessSignInfo.*] onto handler 'signController']
2018-06-18 18:41:19,515 耗时：4200 [日志来自：notation.DefaultAnnotationHandlerMapping 日志类型: INFO  日志内容：Mapped URL path [/exportLessSignInfo/] onto handler 'signController']
2018-06-18 18:41:19,516 耗时：4201 [日志来自：notation.DefaultAnnotationHandlerMapping 日志类型: INFO  日志内容：Mapped URL path [/getComments] onto handler 'TCommentController']
2018-06-18 18:41:19,516 耗时：4201 [日志来自：notation.DefaultAnnotationHandlerMapping 日志类型: INFO  日志内容：Mapped URL path [/getComments.*] onto handler 'TCommentController']
2018-06-18 18:41:19,516 耗时：4201 [日志来自：notation.DefaultAnnotationHandlerMapping 日志类型: INFO  日志内容：Mapped URL path [/getComments/] onto handler 'TCommentController']
2018-06-18 18:41:19,516 耗时：4201 [日志来自：notation.DefaultAnnotationHandlerMapping 日志类型: INFO  日志内容：Mapped URL path [/comment] onto handler 'TCommentController']
2018-06-18 18:41:19,516 耗时：4201 [日志来自：notation.DefaultAnnotationHandlerMapping 日志类型: INFO  日志内容：Mapped URL path [/comment.*] onto handler 'TCommentController']
2018-06-18 18:41:19,516 耗时：4201 [日志来自：notation.DefaultAnnotationHandlerMapping 日志类型: INFO  日志内容：Mapped URL path [/comment/] onto handler 'TCommentController']
2018-06-18 18:41:19,516 耗时：4201 [日志来自：notation.DefaultAnnotationHandlerMapping 日志类型: INFO  日志内容：Mapped URL path [/getCommTypes] onto handler 'TCommentController']
2018-06-18 18:41:19,516 耗时：4201 [日志来自：notation.DefaultAnnotationHandlerMapping 日志类型: INFO  日志内容：Mapped URL path [/getCommTypes.*] onto handler 'TCommentController']
2018-06-18 18:41:19,516 耗时：4201 [日志来自：notation.DefaultAnnotationHandlerMapping 日志类型: INFO  日志内容：Mapped URL path [/getCommTypes/] onto handler 'TCommentController']
2018-06-18 18:41:19,516 耗时：4201 [日志来自：notation.DefaultAnnotationHandlerMapping 日志类型: INFO  日志内容：Mapped URL path [/getCommTempGroup] onto handler 'TCommentController']
2018-06-18 18:41:19,516 耗时：4201 [日志来自：notation.DefaultAnnotationHandlerMapping 日志类型: INFO  日志内容：Mapped URL path [/getCommTempGroup.*] onto handler 'TCommentController']
2018-06-18 18:41:19,516 耗时：4201 [日志来自：notation.DefaultAnnotationHandlerMapping 日志类型: INFO  日志内容：Mapped URL path [/getCommTempGroup/] onto handler 'TCommentController']
2018-06-18 18:41:19,517 耗时：4202 [日志来自：notation.DefaultAnnotationHandlerMapping 日志类型: INFO  日志内容：Mapped URL path [/getCommTemps] onto handler 'TCommentController']
2018-06-18 18:41:19,517 耗时：4202 [日志来自：notation.DefaultAnnotationHandlerMapping 日志类型: INFO  日志内容：Mapped URL path [/getCommTemps.*] onto handler 'TCommentController']
2018-06-18 18:41:19,517 耗时：4202 [日志来自：notation.DefaultAnnotationHandlerMapping 日志类型: INFO  日志内容：Mapped URL path [/getCommTemps/] onto handler 'TCommentController']
2018-06-18 18:41:19,517 耗时：4202 [日志来自：notation.DefaultAnnotationHandlerMapping 日志类型: INFO  日志内容：Mapped URL path [/importCommTemplates] onto handler 'TCommentController']
2018-06-18 18:41:19,517 耗时：4202 [日志来自：notation.DefaultAnnotationHandlerMapping 日志类型: INFO  日志内容：Mapped URL path [/importCommTemplates.*] onto handler 'TCommentController']
2018-06-18 18:41:19,517 耗时：4202 [日志来自：notation.DefaultAnnotationHandlerMapping 日志类型: INFO  日志内容：Mapped URL path [/importCommTemplates/] onto handler 'TCommentController']
2018-06-18 18:41:19,517 耗时：4202 [日志来自：notation.DefaultAnnotationHandlerMapping 日志类型: INFO  日志内容：Mapped URL path [/getCommTemp] onto handler 'TCommentController']
2018-06-18 18:41:19,517 耗时：4202 [日志来自：notation.DefaultAnnotationHandlerMapping 日志类型: INFO  日志内容：Mapped URL path [/getCommTemp.*] onto handler 'TCommentController']
2018-06-18 18:41:19,517 耗时：4202 [日志来自：notation.DefaultAnnotationHandlerMapping 日志类型: INFO  日志内容：Mapped URL path [/getCommTemp/] onto handler 'TCommentController']
2018-06-18 18:41:19,517 耗时：4202 [日志来自：notation.DefaultAnnotationHandlerMapping 日志类型: INFO  日志内容：Mapped URL path [/upload] onto handler 'fileUploadController']
2018-06-18 18:41:19,518 耗时：4203 [日志来自：notation.DefaultAnnotationHandlerMapping 日志类型: INFO  日志内容：Mapped URL path [/upload.*] onto handler 'fileUploadController']
2018-06-18 18:41:19,518 耗时：4203 [日志来自：notation.DefaultAnnotationHandlerMapping 日志类型: INFO  日志内容：Mapped URL path [/upload/] onto handler 'fileUploadController']
2018-06-18 18:41:19,518 耗时：4203 [日志来自：notation.DefaultAnnotationHandlerMapping 日志类型: INFO  日志内容：Mapped URL path [/download] onto handler 'fileUploadController']
2018-06-18 18:41:19,518 耗时：4203 [日志来自：notation.DefaultAnnotationHandlerMapping 日志类型: INFO  日志内容：Mapped URL path [/download.*] onto handler 'fileUploadController']
2018-06-18 18:41:19,518 耗时：4203 [日志来自：notation.DefaultAnnotationHandlerMapping 日志类型: INFO  日志内容：Mapped URL path [/download/] onto handler 'fileUploadController']
2018-06-18 18:41:19,518 耗时：4203 [日志来自：notation.DefaultAnnotationHandlerMapping 日志类型: INFO  日志内容：Mapped URL path [/upload2] onto handler 'fileUploadController']
2018-06-18 18:41:19,518 耗时：4203 [日志来自：notation.DefaultAnnotationHandlerMapping 日志类型: INFO  日志内容：Mapped URL path [/upload2.*] onto handler 'fileUploadController']
2018-06-18 18:41:19,518 耗时：4203 [日志来自：notation.DefaultAnnotationHandlerMapping 日志类型: INFO  日志内容：Mapped URL path [/upload2/] onto handler 'fileUploadController']
2018-06-18 18:41:19,518 耗时：4203 [日志来自：notation.DefaultAnnotationHandlerMapping 日志类型: INFO  日志内容：Mapped URL path [/getLessons1] onto handler 'lessonController']
2018-06-18 18:41:19,518 耗时：4203 [日志来自：notation.DefaultAnnotationHandlerMapping 日志类型: INFO  日志内容：Mapped URL path [/getLessons1.*] onto handler 'lessonController']
2018-06-18 18:41:19,518 耗时：4203 [日志来自：notation.DefaultAnnotationHandlerMapping 日志类型: INFO  日志内容：Mapped URL path [/getLessons1/] onto handler 'lessonController']
2018-06-18 18:41:19,518 耗时：4203 [日志来自：notation.DefaultAnnotationHandlerMapping 日志类型: INFO  日志内容：Mapped URL path [/joinLesson1] onto handler 'lessonController']
2018-06-18 18:41:19,518 耗时：4203 [日志来自：notation.DefaultAnnotationHandlerMapping 日志类型: INFO  日志内容：Mapped URL path [/joinLesson1.*] onto handler 'lessonController']
2018-06-18 18:41:19,518 耗时：4203 [日志来自：notation.DefaultAnnotationHandlerMapping 日志类型: INFO  日志内容：Mapped URL path [/joinLesson1/] onto handler 'lessonController']
2018-06-18 18:41:19,518 耗时：4203 [日志来自：notation.DefaultAnnotationHandlerMapping 日志类型: INFO  日志内容：Mapped URL path [/updateLesson] onto handler 'lessonController']
2018-06-18 18:41:19,519 耗时：4204 [日志来自：notation.DefaultAnnotationHandlerMapping 日志类型: INFO  日志内容：Mapped URL path [/updateLesson.*] onto handler 'lessonController']
2018-06-18 18:41:19,519 耗时：4204 [日志来自：notation.DefaultAnnotationHandlerMapping 日志类型: INFO  日志内容：Mapped URL path [/updateLesson/] onto handler 'lessonController']
2018-06-18 18:41:19,519 耗时：4204 [日志来自：notation.DefaultAnnotationHandlerMapping 日志类型: INFO  日志内容：Mapped URL path [/addLesson] onto handler 'lessonController']
2018-06-18 18:41:19,519 耗时：4204 [日志来自：notation.DefaultAnnotationHandlerMapping 日志类型: INFO  日志内容：Mapped URL path [/addLesson.*] onto handler 'lessonController']
2018-06-18 18:41:19,519 耗时：4204 [日志来自：notation.DefaultAnnotationHandlerMapping 日志类型: INFO  日志内容：Mapped URL path [/addLesson/] onto handler 'lessonController']
2018-06-18 18:41:19,519 耗时：4204 [日志来自：notation.DefaultAnnotationHandlerMapping 日志类型: INFO  日志内容：Mapped URL path [/getLessonById] onto handler 'lessonController']
2018-06-18 18:41:19,519 耗时：4204 [日志来自：notation.DefaultAnnotationHandlerMapping 日志类型: INFO  日志内容：Mapped URL path [/getLessonById.*] onto handler 'lessonController']
2018-06-18 18:41:19,519 耗时：4204 [日志来自：notation.DefaultAnnotationHandlerMapping 日志类型: INFO  日志内容：Mapped URL path [/getLessonById/] onto handler 'lessonController']
2018-06-18 18:41:19,519 耗时：4204 [日志来自：notation.DefaultAnnotationHandlerMapping 日志类型: INFO  日志内容：Mapped URL path [/updateLessStatus] onto handler 'lessonController']
2018-06-18 18:41:19,519 耗时：4204 [日志来自：notation.DefaultAnnotationHandlerMapping 日志类型: INFO  日志内容：Mapped URL path [/updateLessStatus.*] onto handler 'lessonController']
2018-06-18 18:41:19,519 耗时：4204 [日志来自：notation.DefaultAnnotationHandlerMapping 日志类型: INFO  日志内容：Mapped URL path [/updateLessStatus/] onto handler 'lessonController']
2018-06-18 18:41:19,519 耗时：4204 [日志来自：notation.DefaultAnnotationHandlerMapping 日志类型: INFO  日志内容：Mapped URL path [/getAllLessons] onto handler 'lessonController']
2018-06-18 18:41:19,519 耗时：4204 [日志来自：notation.DefaultAnnotationHandlerMapping 日志类型: INFO  日志内容：Mapped URL path [/getAllLessons.*] onto handler 'lessonController']
2018-06-18 18:41:19,519 耗时：4204 [日志来自：notation.DefaultAnnotationHandlerMapping 日志类型: INFO  日志内容：Mapped URL path [/getAllLessons/] onto handler 'lessonController']
2018-06-18 18:41:19,520 耗时：4205 [日志来自：notation.DefaultAnnotationHandlerMapping 日志类型: INFO  日志内容：Mapped URL path [/importUsers] onto handler 'userController']
2018-06-18 18:41:19,520 耗时：4205 [日志来自：notation.DefaultAnnotationHandlerMapping 日志类型: INFO  日志内容：Mapped URL path [/importUsers.*] onto handler 'userController']
2018-06-18 18:41:19,520 耗时：4205 [日志来自：notation.DefaultAnnotationHandlerMapping 日志类型: INFO  日志内容：Mapped URL path [/importUsers/] onto handler 'userController']
2018-06-18 18:41:19,520 耗时：4205 [日志来自：notation.DefaultAnnotationHandlerMapping 日志类型: INFO  日志内容：Mapped URL path [/getCompanyList] onto handler 'userController']
2018-06-18 18:41:19,520 耗时：4205 [日志来自：notation.DefaultAnnotationHandlerMapping 日志类型: INFO  日志内容：Mapped URL path [/getCompanyList.*] onto handler 'userController']
2018-06-18 18:41:19,520 耗时：4205 [日志来自：notation.DefaultAnnotationHandlerMapping 日志类型: INFO  日志内容：Mapped URL path [/getCompanyList/] onto handler 'userController']
2018-06-18 18:41:19,520 耗时：4205 [日志来自：notation.DefaultAnnotationHandlerMapping 日志类型: INFO  日志内容：Mapped URL path [/userRegist] onto handler 'userController']
2018-06-18 18:41:19,520 耗时：4205 [日志来自：notation.DefaultAnnotationHandlerMapping 日志类型: INFO  日志内容：Mapped URL path [/userRegist.*] onto handler 'userController']
2018-06-18 18:41:19,520 耗时：4205 [日志来自：notation.DefaultAnnotationHandlerMapping 日志类型: INFO  日志内容：Mapped URL path [/userRegist/] onto handler 'userController']
2018-06-18 18:41:19,520 耗时：4205 [日志来自：notation.DefaultAnnotationHandlerMapping 日志类型: INFO  日志内容：Mapped URL path [/addUser] onto handler 'userController']
2018-06-18 18:41:19,520 耗时：4205 [日志来自：notation.DefaultAnnotationHandlerMapping 日志类型: INFO  日志内容：Mapped URL path [/addUser.*] onto handler 'userController']
2018-06-18 18:41:19,521 耗时：4206 [日志来自：notation.DefaultAnnotationHandlerMapping 日志类型: INFO  日志内容：Mapped URL path [/addUser/] onto handler 'userController']
2018-06-18 18:41:19,521 耗时：4206 [日志来自：notation.DefaultAnnotationHandlerMapping 日志类型: INFO  日志内容：Mapped URL path [/getUserById] onto handler 'userController']
2018-06-18 18:41:19,521 耗时：4206 [日志来自：notation.DefaultAnnotationHandlerMapping 日志类型: INFO  日志内容：Mapped URL path [/getUserById.*] onto handler 'userController']
2018-06-18 18:41:19,521 耗时：4206 [日志来自：notation.DefaultAnnotationHandlerMapping 日志类型: INFO  日志内容：Mapped URL path [/getUserById/] onto handler 'userController']
2018-06-18 18:41:19,521 耗时：4206 [日志来自：notation.DefaultAnnotationHandlerMapping 日志类型: INFO  日志内容：Mapped URL path [/getUserList] onto handler 'userController']
2018-06-18 18:41:19,521 耗时：4206 [日志来自：notation.DefaultAnnotationHandlerMapping 日志类型: INFO  日志内容：Mapped URL path [/getUserList.*] onto handler 'userController']
2018-06-18 18:41:19,521 耗时：4206 [日志来自：notation.DefaultAnnotationHandlerMapping 日志类型: INFO  日志内容：Mapped URL path [/getUserList/] onto handler 'userController']
2018-06-18 18:41:19,521 耗时：4206 [日志来自：notation.DefaultAnnotationHandlerMapping 日志类型: INFO  日志内容：Mapped URL path [/updateUserStatus] onto handler 'userController']
2018-06-18 18:41:19,521 耗时：4206 [日志来自：notation.DefaultAnnotationHandlerMapping 日志类型: INFO  日志内容：Mapped URL path [/updateUserStatus.*] onto handler 'userController']
2018-06-18 18:41:19,521 耗时：4206 [日志来自：notation.DefaultAnnotationHandlerMapping 日志类型: INFO  日志内容：Mapped URL path [/updateUserStatus/] onto handler 'userController']
2018-06-18 18:41:19,521 耗时：4206 [日志来自：notation.DefaultAnnotationHandlerMapping 日志类型: INFO  日志内容：Mapped URL path [/getUserListByRole] onto handler 'userController']
2018-06-18 18:41:19,521 耗时：4206 [日志来自：notation.DefaultAnnotationHandlerMapping 日志类型: INFO  日志内容：Mapped URL path [/getUserListByRole.*] onto handler 'userController']
2018-06-18 18:41:19,521 耗时：4206 [日志来自：notation.DefaultAnnotationHandlerMapping 日志类型: INFO  日志内容：Mapped URL path [/getUserListByRole/] onto handler 'userController']
2018-06-18 18:41:19,521 耗时：4206 [日志来自：notation.DefaultAnnotationHandlerMapping 日志类型: INFO  日志内容：Mapped URL path [/updateMyUserInfo] onto handler 'userController']
2018-06-18 18:41:19,521 耗时：4206 [日志来自：notation.DefaultAnnotationHandlerMapping 日志类型: INFO  日志内容：Mapped URL path [/updateMyUserInfo.*] onto handler 'userController']
2018-06-18 18:41:19,521 耗时：4206 [日志来自：notation.DefaultAnnotationHandlerMapping 日志类型: INFO  日志内容：Mapped URL path [/updateMyUserInfo/] onto handler 'userController']
2018-06-18 18:41:19,521 耗时：4206 [日志来自：notation.DefaultAnnotationHandlerMapping 日志类型: INFO  日志内容：Mapped URL path [/updateMyPassword] onto handler 'userController']
2018-06-18 18:41:19,521 耗时：4206 [日志来自：notation.DefaultAnnotationHandlerMapping 日志类型: INFO  日志内容：Mapped URL path [/updateMyPassword.*] onto handler 'userController']
2018-06-18 18:41:19,522 耗时：4207 [日志来自：notation.DefaultAnnotationHandlerMapping 日志类型: INFO  日志内容：Mapped URL path [/updateMyPassword/] onto handler 'userController']
2018-06-18 18:41:19,522 耗时：4207 [日志来自：notation.DefaultAnnotationHandlerMapping 日志类型: INFO  日志内容：Mapped URL path [/getMyUserInfo] onto handler 'userController']
2018-06-18 18:41:19,522 耗时：4207 [日志来自：notation.DefaultAnnotationHandlerMapping 日志类型: INFO  日志内容：Mapped URL path [/getMyUserInfo.*] onto handler 'userController']
2018-06-18 18:41:19,522 耗时：4207 [日志来自：notation.DefaultAnnotationHandlerMapping 日志类型: INFO  日志内容：Mapped URL path [/getMyUserInfo/] onto handler 'userController']
2018-06-18 18:41:19,522 耗时：4207 [日志来自：notation.DefaultAnnotationHandlerMapping 日志类型: INFO  日志内容：Mapped URL path [/updateUserInfo] onto handler 'userController']
2018-06-18 18:41:19,522 耗时：4207 [日志来自：notation.DefaultAnnotationHandlerMapping 日志类型: INFO  日志内容：Mapped URL path [/updateUserInfo.*] onto handler 'userController']
2018-06-18 18:41:19,522 耗时：4207 [日志来自：notation.DefaultAnnotationHandlerMapping 日志类型: INFO  日志内容：Mapped URL path [/updateUserInfo/] onto handler 'userController']
2018-06-18 18:41:19,560 耗时：4245 [日志来自：web.servlet.DispatcherServlet            日志类型: INFO  日志内容：FrameworkServlet 'springmvc': initialization completed in 579 ms]
